Log file open, 02/12/21 14:18:45
LogWindows: Failed to load 'aqProf.dll' (GetLastError=126)
LogWindows: File 'aqProf.dll' does not exist
LogWindows: Failed to load 'VtuneApi.dll' (GetLastError=126)
LogWindows: File 'VtuneApi.dll' does not exist
LogWindows: Failed to load 'VtuneApi32e.dll' (GetLastError=126)
LogWindows: File 'VtuneApi32e.dll' does not exist
LogConsoleResponse: Display: Failed to find resolution value strings in scalability ini. Falling back to default.
LogInit: Display: Running engine for game: MyProject
LogPakFile: Registered encryption key '00000000000000000000000000000000': 0 pak files mounted, 0 remain pending
LogPlatformFile: Not using cached read wrapper
LogTaskGraph: Started task graph with 5 named threads and 35 total threads with 3 sets of task threads.
LogStats: Stats thread started at 0.532322
LogD3D11RHI: Loaded GFSDK_Aftermath_Lib.x64.dll
LogICUInternationalization: ICU TimeZone Detection - Raw Offset: +1:00, Platform Override: ''
LogPluginManager: Mounting plugin Paper2D
LogPluginManager: Mounting plugin AISupport
LogPluginManager: Mounting plugin LightPropagationVolume
LogPluginManager: Mounting plugin ActorLayerUtilities
LogPluginManager: Mounting plugin AnimationSharing
LogPluginManager: Mounting plugin CLionSourceCodeAccess
LogPluginManager: Mounting plugin CodeLiteSourceCodeAccess
LogPluginManager: Mounting plugin GitSourceControl
LogPluginManager: Mounting plugin KDevelopSourceCodeAccess
LogPluginManager: Mounting plugin NullSourceCodeAccess
LogPluginManager: Mounting plugin PerforceSourceControl
LogPluginManager: Mounting plugin SubversionSourceControl
LogPluginManager: Mounting plugin UObjectPlugin
LogPluginManager: Mounting plugin VisualStudioCodeSourceCodeAccess
LogPluginManager: Mounting plugin VisualStudioSourceCodeAccess
LogPluginManager: Mounting plugin XCodeSourceCodeAccess
LogPluginManager: Mounting plugin AssetManagerEditor
LogPluginManager: Mounting plugin CryptoKeys
LogPluginManager: Mounting plugin DataValidation
LogPluginManager: Mounting plugin FacialAnimation
LogPluginManager: Mounting plugin GameplayTagsEditor
LogPluginManager: Mounting plugin MacGraphicsSwitching
LogPluginManager: Mounting plugin MaterialAnalyzer
LogPluginManager: Mounting plugin MobileLauncherProfileWizard
LogPluginManager: Mounting plugin PluginBrowser
LogPluginManager: Mounting plugin SpeedTreeImporter
LogPluginManager: Mounting plugin DatasmithContent
LogPluginManager: Mounting plugin VariantManagerContent
LogPluginManager: Mounting plugin AlembicImporter
LogPluginManager: Mounting plugin AppleImageUtils
LogPluginManager: Mounting plugin AppleVision
LogPluginManager: Mounting plugin BackChannel
LogPluginManager: Mounting plugin CharacterAI
LogPluginManager: Mounting plugin GeometryCache
LogPluginManager: Mounting plugin HTML5Networking
LogPluginManager: Mounting plugin ProxyLODPlugin
LogPluginManager: Mounting plugin SkeletalReduction
LogPluginManager: Mounting plugin MagicLeap
LogPluginManager: Mounting plugin MagicLeapMedia
LogPluginManager: Mounting plugin AndroidMedia
LogPluginManager: Mounting plugin AvfMedia
LogPluginManager: Mounting plugin ImgMedia
LogPluginManager: Mounting plugin LinearTimecode
LogPluginManager: Mounting plugin MediaCompositing
LogPluginManager: Mounting plugin MediaPlayerEditor
LogPluginManager: Mounting plugin WebMMedia
LogPluginManager: Mounting plugin WmfMedia
LogPluginManager: Mounting plugin TcpMessaging
LogPluginManager: Mounting plugin UdpMessaging
LogPluginManager: Mounting plugin ActorSequence
LogPluginManager: Mounting plugin LevelSequenceEditor
LogPluginManager: Mounting plugin MatineeToLevelSequence
LogPluginManager: Mounting plugin NetcodeUnitTest
LogPluginManager: Mounting plugin NUTUnrealEngine4
LogPluginManager: Mounting plugin OnlineSubsystemGooglePlay
LogPluginManager: Mounting plugin OnlineSubsystemIOS
LogPluginManager: Mounting plugin OnlineSubsystem
LogPluginManager: Mounting plugin OnlineSubsystemNull
LogPluginManager: Mounting plugin OnlineSubsystemUtils
LogPluginManager: Mounting plugin LauncherChunkInstaller
LogPluginManager: Mounting plugin AndroidDeviceProfileSelector
LogPluginManager: Mounting plugin AndroidMoviePlayer
LogPluginManager: Mounting plugin AndroidPermission
LogPluginManager: Mounting plugin AppleMoviePlayer
LogPluginManager: Mounting plugin ArchVisCharacter
LogPluginManager: Mounting plugin AudioCapture
LogPluginManager: Mounting plugin CableComponent
LogPluginManager: Mounting plugin CustomMeshComponent
LogPluginManager: Mounting plugin EditableMesh
LogPluginManager: Mounting plugin ExampleDeviceProfileSelector
LogPluginManager: Mounting plugin Firebase
LogPluginManager: Mounting plugin GoogleCloudMessaging
LogPluginManager: Mounting plugin IOSDeviceProfileSelector
LogPluginManager: Mounting plugin LinuxDeviceProfileSelector
LogPluginManager: Mounting plugin LocationServicesBPLibrary
LogPluginManager: Mounting plugin MobilePatchingUtils
LogPluginManager: Mounting plugin OculusVR
LogPluginManager: Mounting plugin PhysXVehicles
LogPluginManager: Mounting plugin ProceduralMeshComponent
LogPluginManager: Mounting plugin RuntimePhysXCooking
LogPluginManager: Mounting plugin SignificanceManager
LogPluginManager: Mounting plugin SteamVR
LogPluginManager: Mounting plugin WebMMoviePlayer
LogPluginManager: Mounting plugin WindowsMoviePlayer
LogInit: Using libcurl 7.55.1-DEV
LogInit:  - built for x86_64-pc-win32
LogInit:  - supports SSL with OpenSSL/1.1.1
LogInit:  - supports HTTP deflate (compression) using libz 1.2.8
LogInit:  - other features:
LogInit:      CURL_VERSION_SSL
LogInit:      CURL_VERSION_LIBZ
LogInit:      CURL_VERSION_IPV6
LogInit:      CURL_VERSION_ASYNCHDNS
LogInit:      CURL_VERSION_LARGEFILE
LogInit:      CURL_VERSION_IDN
LogInit:  CurlRequestOptions (configurable via config and command line):
LogInit:  - bVerifyPeer = true  - Libcurl will verify peer certificate
LogInit:  - bUseHttpProxy = false  - Libcurl will NOT use HTTP proxy
LogInit:  - bDontReuseConnections = false  - Libcurl will reuse connections
LogInit:  - MaxHostConnections = 16  - Libcurl will limit the number of connections to a host
LogInit:  - LocalHostAddr = Default
LogInit:  - BufferSize = 65536
LogInit: WinSock: version 1.1 (2.2), MaxSocks=32767, MaxUdp=65467
LogInit: Build: ++UE4+Release-4.22-CL-7053642
LogInit: Engine Version: 4.22.3-7053642+++UE4+Release-4.22
LogInit: Compatible Engine Version: 4.22.0-5660361+++UE4+Release-4.22
LogInit: Net CL: 5660361
LogInit: OS: Windows 10 (Release 2004) (), CPU: Intel(R) Core(TM) i7-9750H CPU @ 2.60GHz, GPU: Intel(R) UHD Graphics 630
LogInit: Compiled (64-bit): Jun 18 2019 03:09:11
LogInit: Compiled with Visual C++: 19.16.27025.01
LogInit: Build Configuration: Development
LogInit: Branch Name: ++UE4+Release-4.22
LogInit: Command Line: 
LogInit: Base Directory: D:/Travail/Programmes/Unreal/UE_4.22/Engine/Binaries/Win64/
LogInit: Installed Engine Build: 1
LogDevObjectVersion: Number of dev versions registered: 23
LogDevObjectVersion:   Dev-Blueprints (B0D832E4-1F89-4F0D-ACCF-7EB736FD4AA2): 10
LogDevObjectVersion:   Dev-Build (E1C64328-A22C-4D53-A36C-8E866417BD8C): 0
LogDevObjectVersion:   Dev-Core (375EC13C-06E4-48FB-B500-84F0262A717E): 3
LogDevObjectVersion:   Dev-Editor (E4B068ED-F494-42E9-A231-DA0B2E46BB41): 30
LogDevObjectVersion:   Dev-Framework (CFFC743F-43B0-4480-9391-14DF171D2073): 35
LogDevObjectVersion:   Dev-Mobile (B02B49B5-BB20-44E9-A304-32B752E40360): 2
LogDevObjectVersion:   Dev-Networking (A4E4105C-59A1-49B5-A7C5-40C4547EDFEE): 0
LogDevObjectVersion:   Dev-Online (39C831C9-5AE6-47DC-9A44-9C173E1C8E7C): 0
LogDevObjectVersion:   Dev-Physics (78F01B33-EBEA-4F98-B9B4-84EACCB95AA2): 0
LogDevObjectVersion:   Dev-Platform (6631380F-2D4D-43E0-8009-CF276956A95A): 0
LogDevObjectVersion:   Dev-Rendering (12F88B9F-8875-4AFC-A67C-D90C383ABD29): 28
LogDevObjectVersion:   Dev-Sequencer (7B5AE74C-D270-4C10-A958-57980B212A5A): 11
LogDevObjectVersion:   Dev-VR (D7296918-1DD6-4BDD-9DE2-64A83CC13884): 2
LogDevObjectVersion:   Dev-LoadTimes (C2A15278-BFE7-4AFE-6C17-90FF531DF755): 1
LogDevObjectVersion:   Private-Geometry (6EACA3D4-40EC-4CC1-B786-8BED09428FC5): 3
LogDevObjectVersion:   Dev-AnimPhys (29E575DD-E0A3-4627-9D10-D276232CDCEA): 17
LogDevObjectVersion:   Dev-Anim (AF43A65D-7FD3-4947-9873-3E8ED9C1BB05): 2
LogDevObjectVersion:   Dev-ReflectionCapture (6B266CEC-1EC7-4B8F-A30B-E4D90942FC07): 1
LogDevObjectVersion:   Dev-Automation (0DF73D61-A23F-47EA-B727-89E90C41499A): 1
LogDevObjectVersion:   FortniteMain (601D1886-AC64-4F84-AA16-D3DE0DEAC7D6): 25
LogDevObjectVersion:   Dev-Enterprise (9DFFBCD6-494F-0158-E221-12823C92A888): 6
LogDevObjectVersion:   Dev-Niagara (F2AED0AC-9AFE-416F-8664-AA7FFA26D6FC): 1
LogDevObjectVersion:   Dev-Destruction (174F1F0B-B4C6-45A5-B13F-2EE8D0FB917D): 2
LogInit: Presizing for max 16777216 objects, including 0 objects not considered by GC, pre-allocating 0 bytes for permanent pool.
LogInit: Object subsystem initialized
LogConfig: Setting CVar [[con.DebugEarlyDefault:1]]
LogConfig: Setting CVar [[r.setres:1280x720]]
[2021.02.12-13.18.46:064][  0]LogConfig: Setting CVar [[r.VSync:0]]
[2021.02.12-13.18.46:064][  0]LogConfig: Setting CVar [[r.RHICmdBypass:0]]
[2021.02.12-13.18.46:064][  0]LogConfig: Applying CVar settings from Section [/Script/Engine.RendererSettings] File [D:/Ecole/ICAN/5eme Annee/Prog/MyProject/Saved/Config/Windows/Engine.ini]
[2021.02.12-13.18.46:064][  0]LogConfig: Setting CVar [[r.GPUCrashDebugging:0]]
[2021.02.12-13.18.46:064][  0]LogConfig: Setting CVar [[r.DefaultFeature.AutoExposure.ExtendDefaultLuminanceRange:1]]
[2021.02.12-13.18.46:064][  0]LogConfig: Applying CVar settings from Section [/Script/Engine.RendererOverrideSettings] File [D:/Ecole/ICAN/5eme Annee/Prog/MyProject/Saved/Config/Windows/Engine.ini]
[2021.02.12-13.18.46:064][  0]LogConfig: Applying CVar settings from Section [/Script/Engine.StreamingSettings] File [D:/Ecole/ICAN/5eme Annee/Prog/MyProject/Saved/Config/Windows/Engine.ini]
[2021.02.12-13.18.46:064][  0]LogConfig: Setting CVar [[s.MinBulkDataSizeForAsyncLoading:131072]]
[2021.02.12-13.18.46:064][  0]LogConfig: Setting CVar [[s.AsyncLoadingThreadEnabled:0]]
[2021.02.12-13.18.46:064][  0]LogConfig: Setting CVar [[s.EventDrivenLoaderEnabled:1]]
[2021.02.12-13.18.46:064][  0]LogConfig: Setting CVar [[s.WarnIfTimeLimitExceeded:0]]
[2021.02.12-13.18.46:064][  0]LogConfig: Setting CVar [[s.TimeLimitExceededMultiplier:1.5]]
[2021.02.12-13.18.46:064][  0]LogConfig: Setting CVar [[s.TimeLimitExceededMinTime:0.005]]
[2021.02.12-13.18.46:064][  0]LogConfig: Setting CVar [[s.UseBackgroundLevelStreaming:1]]
[2021.02.12-13.18.46:064][  0]LogConfig: Setting CVar [[s.PriorityAsyncLoadingExtraTime:15.0]]
[2021.02.12-13.18.46:064][  0]LogConfig: Setting CVar [[s.LevelStreamingActorsUpdateTimeLimit:5.0]]
[2021.02.12-13.18.46:064][  0]LogConfig: Setting CVar [[s.PriorityLevelStreamingActorsUpdateExtraTime:5.0]]
[2021.02.12-13.18.46:065][  0]LogConfig: Setting CVar [[s.LevelStreamingComponentsRegistrationGranularity:10]]
[2021.02.12-13.18.46:065][  0]LogConfig: Setting CVar [[s.UnregisterComponentsTimeLimit:1.0]]
[2021.02.12-13.18.46:065][  0]LogConfig: Setting CVar [[s.LevelStreamingComponentsUnregistrationGranularity:5]]
[2021.02.12-13.18.46:065][  0]LogConfig: Applying CVar settings from Section [/Script/Engine.GarbageCollectionSettings] File [D:/Ecole/ICAN/5eme Annee/Prog/MyProject/Saved/Config/Windows/Engine.ini]
[2021.02.12-13.18.46:065][  0]LogConfig: Setting CVar [[gc.MaxObjectsNotConsideredByGC:1]]
[2021.02.12-13.18.46:065][  0]LogConfig: Setting CVar [[gc.SizeOfPermanentObjectPool:0]]
[2021.02.12-13.18.46:065][  0]LogConfig: Setting CVar [[gc.FlushStreamingOnGC:0]]
[2021.02.12-13.18.46:065][  0]LogConfig: Setting CVar [[gc.NumRetriesBeforeForcingGC:10]]
[2021.02.12-13.18.46:065][  0]LogConfig: Setting CVar [[gc.AllowParallelGC:1]]
[2021.02.12-13.18.46:065][  0]LogConfig: Setting CVar [[gc.TimeBetweenPurgingPendingKillObjects:61.1]]
[2021.02.12-13.18.46:065][  0]LogConfig: Setting CVar [[gc.MaxObjectsInEditor:16777216]]
[2021.02.12-13.18.46:065][  0]LogConfig: Setting CVar [[gc.IncrementalBeginDestroyEnabled:1]]
[2021.02.12-13.18.46:065][  0]LogConfig: Setting CVar [[gc.CreateGCClusters:1]]
[2021.02.12-13.18.46:065][  0]LogConfig: Setting CVar [[gc.MinGCClusterSize:5]]
[2021.02.12-13.18.46:065][  0]LogConfig: Setting CVar [[gc.ActorClusteringEnabled:0]]
[2021.02.12-13.18.46:065][  0]LogConfig: Setting CVar [[gc.BlueprintClusteringEnabled:0]]
[2021.02.12-13.18.46:065][  0]LogConfig: Setting CVar [[gc.UseDisregardForGCOnDedicatedServers:0]]
[2021.02.12-13.18.46:065][  0]LogConfig: Applying CVar settings from Section [/Script/Engine.NetworkSettings] File [D:/Ecole/ICAN/5eme Annee/Prog/MyProject/Saved/Config/Windows/Engine.ini]
[2021.02.12-13.18.46:065][  0]LogConfig: Applying CVar settings from Section [/Script/UnrealEd.CookerSettings] File [D:/Ecole/ICAN/5eme Annee/Prog/MyProject/Saved/Config/Windows/Engine.ini]
[2021.02.12-13.18.46:068][  0]LogConfig: Applying CVar settings from Section [ViewDistanceQuality@3] File [D:/Ecole/ICAN/5eme Annee/Prog/MyProject/Saved/Config/Windows/Scalability.ini]
[2021.02.12-13.18.46:068][  0]LogConfig: Setting CVar [[r.SkeletalMeshLODBias:0]]
[2021.02.12-13.18.46:068][  0]LogConfig: Setting CVar [[r.ViewDistanceScale:1.0]]
[2021.02.12-13.18.46:069][  0]LogConfig: Applying CVar settings from Section [AntiAliasingQuality@3] File [D:/Ecole/ICAN/5eme Annee/Prog/MyProject/Saved/Config/Windows/Scalability.ini]
[2021.02.12-13.18.46:069][  0]LogConfig: Setting CVar [[r.PostProcessAAQuality:4]]
[2021.02.12-13.18.46:069][  0]LogConfig: Applying CVar settings from Section [ShadowQuality@3] File [D:/Ecole/ICAN/5eme Annee/Prog/MyProject/Saved/Config/Windows/Scalability.ini]
[2021.02.12-13.18.46:069][  0]LogConfig: Setting CVar [[r.LightFunctionQuality:1]]
[2021.02.12-13.18.46:069][  0]LogConfig: Setting CVar [[r.ShadowQuality:5]]
[2021.02.12-13.18.46:069][  0]LogConfig: Setting CVar [[r.Shadow.CSM.MaxCascades:10]]
[2021.02.12-13.18.46:069][  0]LogConfig: Setting CVar [[r.Shadow.MaxResolution:2048]]
[2021.02.12-13.18.46:069][  0]LogConfig: Setting CVar [[r.Shadow.MaxCSMResolution:2048]]
[2021.02.12-13.18.46:069][  0]LogConfig: Setting CVar [[r.Shadow.RadiusThreshold:0.01]]
[2021.02.12-13.18.46:069][  0]LogConfig: Setting CVar [[r.Shadow.DistanceScale:1.0]]
[2021.02.12-13.18.46:069][  0]LogConfig: Setting CVar [[r.Shadow.CSM.TransitionScale:1.0]]
[2021.02.12-13.18.46:069][  0]LogConfig: Setting CVar [[r.Shadow.PreShadowResolutionFactor:1.0]]
[2021.02.12-13.18.46:069][  0]LogConfig: Setting CVar [[r.DistanceFieldShadowing:1]]
[2021.02.12-13.18.46:069][  0]LogConfig: Setting CVar [[r.DistanceFieldAO:1]]
[2021.02.12-13.18.46:069][  0]LogConfig: Setting CVar [[r.AOQuality:2]]
[2021.02.12-13.18.46:069][  0]LogConfig: Setting CVar [[r.VolumetricFog:1]]
[2021.02.12-13.18.46:069][  0]LogConfig: Setting CVar [[r.VolumetricFog.GridPixelSize:8]]
[2021.02.12-13.18.46:069][  0]LogConfig: Setting CVar [[r.VolumetricFog.GridSizeZ:128]]
[2021.02.12-13.18.46:069][  0]LogConfig: Setting CVar [[r.VolumetricFog.HistoryMissSupersampleCount:4]]
[2021.02.12-13.18.46:069][  0]LogConfig: Setting CVar [[r.LightMaxDrawDistanceScale:1]]
[2021.02.12-13.18.46:069][  0]LogConfig: Setting CVar [[r.CapsuleShadows:1]]
[2021.02.12-13.18.46:069][  0]LogConfig: Applying CVar settings from Section [PostProcessQuality@3] File [D:/Ecole/ICAN/5eme Annee/Prog/MyProject/Saved/Config/Windows/Scalability.ini]
[2021.02.12-13.18.46:069][  0]LogConfig: Setting CVar [[r.MotionBlurQuality:4]]
[2021.02.12-13.18.46:069][  0]LogConfig: Setting CVar [[r.AmbientOcclusionMipLevelFactor:0.4]]
[2021.02.12-13.18.46:069][  0]LogConfig: Setting CVar [[r.AmbientOcclusionMaxQuality:100]]
[2021.02.12-13.18.46:069][  0]LogConfig: Setting CVar [[r.AmbientOcclusionLevels:-1]]
[2021.02.12-13.18.46:069][  0]LogConfig: Setting CVar [[r.AmbientOcclusionRadiusScale:1.0]]
[2021.02.12-13.18.46:069][  0]LogConfig: Setting CVar [[r.DepthOfFieldQuality:2]]
[2021.02.12-13.18.46:069][  0]LogConfig: Setting CVar [[r.RenderTargetPoolMin:400]]
[2021.02.12-13.18.46:069][  0]LogConfig: Setting CVar [[r.LensFlareQuality:2]]
[2021.02.12-13.18.46:069][  0]LogConfig: Setting CVar [[r.SceneColorFringeQuality:1]]
[2021.02.12-13.18.46:069][  0]LogConfig: Setting CVar [[r.EyeAdaptationQuality:2]]
[2021.02.12-13.18.46:069][  0]LogConfig: Setting CVar [[r.BloomQuality:5]]
[2021.02.12-13.18.46:069][  0]LogConfig: Setting CVar [[r.FastBlurThreshold:100]]
[2021.02.12-13.18.46:069][  0]LogConfig: Setting CVar [[r.Upscale.Quality:3]]
[2021.02.12-13.18.46:069][  0]LogConfig: Setting CVar [[r.Tonemapper.GrainQuantization:1]]
[2021.02.12-13.18.46:069][  0]LogConfig: Setting CVar [[r.LightShaftQuality:1]]
[2021.02.12-13.18.46:069][  0]LogConfig: Setting CVar [[r.Filter.SizeScale:1]]
[2021.02.12-13.18.46:069][  0]LogConfig: Setting CVar [[r.Tonemapper.Quality:5]]
[2021.02.12-13.18.46:069][  0]LogConfig: Setting CVar [[r.DOF.Gather.AccumulatorQuality:1        ; higher gathering accumulator quality]]
[2021.02.12-13.18.46:069][  0]LogConfig: Setting CVar [[r.DOF.Gather.PostfilterMethod:1          ; Median3x3 postfilering method]]
[2021.02.12-13.18.46:069][  0]LogConfig: Setting CVar [[r.DOF.Gather.EnableBokehSettings:0       ; no bokeh simulation when gathering]]
[2021.02.12-13.18.46:069][  0]LogConfig: Setting CVar [[r.DOF.Gather.RingCount:4                 ; medium number of samples when gathering]]
[2021.02.12-13.18.46:069][  0]LogConfig: Setting CVar [[r.DOF.Scatter.ForegroundCompositing:1    ; additive foreground scattering]]
[2021.02.12-13.18.46:069][  0]LogConfig: Setting CVar [[r.DOF.Scatter.BackgroundCompositing:2    ; additive background scattering]]
[2021.02.12-13.18.46:069][  0]LogConfig: Setting CVar [[r.DOF.Scatter.EnableBokehSettings:1      ; bokeh simulation when scattering]]
[2021.02.12-13.18.46:069][  0]LogConfig: Setting CVar [[r.DOF.Scatter.MaxSpriteRatio:0.1         ; only a maximum of 10% of scattered bokeh]]
[2021.02.12-13.18.46:069][  0]LogConfig: Setting CVar [[r.DOF.Recombine.Quality:1                ; cheap slight out of focus]]
[2021.02.12-13.18.46:069][  0]LogConfig: Setting CVar [[r.DOF.Recombine.EnableBokehSettings:0    ; no bokeh simulation on slight out of focus]]
[2021.02.12-13.18.46:069][  0]LogConfig: Setting CVar [[r.DOF.TemporalAAQuality:1                ; more stable temporal accumulation]]
[2021.02.12-13.18.46:069][  0]LogConfig: Setting CVar [[r.DOF.Kernel.MaxForegroundRadius:0.025]]
[2021.02.12-13.18.46:070][  0]LogConfig: Setting CVar [[r.DOF.Kernel.MaxBackgroundRadius:0.025]]
[2021.02.12-13.18.46:070][  0]LogConfig: Applying CVar settings from Section [TextureQuality@3] File [D:/Ecole/ICAN/5eme Annee/Prog/MyProject/Saved/Config/Windows/Scalability.ini]
[2021.02.12-13.18.46:070][  0]LogConfig: Setting CVar [[r.Streaming.MipBias:0]]
[2021.02.12-13.18.46:070][  0]LogConfig: Setting CVar [[r.Streaming.AmortizeCPUToGPUCopy:0]]
[2021.02.12-13.18.46:070][  0]LogConfig: Setting CVar [[r.Streaming.MaxNumTexturesToStreamPerFrame:0]]
[2021.02.12-13.18.46:070][  0]LogConfig: Setting CVar [[r.Streaming.Boost:1]]
[2021.02.12-13.18.46:070][  0]LogConfig: Setting CVar [[r.MaxAnisotropy:8]]
[2021.02.12-13.18.46:070][  0]LogConfig: Setting CVar [[r.Streaming.LimitPoolSizeToVRAM:0]]
[2021.02.12-13.18.46:070][  0]LogConfig: Setting CVar [[r.Streaming.PoolSize:1000]]
[2021.02.12-13.18.46:070][  0]LogConfig: Setting CVar [[r.Streaming.MaxEffectiveScreenSize:0]]
[2021.02.12-13.18.46:070][  0]LogConfig: Applying CVar settings from Section [EffectsQuality@3] File [D:/Ecole/ICAN/5eme Annee/Prog/MyProject/Saved/Config/Windows/Scalability.ini]
[2021.02.12-13.18.46:070][  0]LogConfig: Setting CVar [[r.TranslucencyLightingVolumeDim:64]]
[2021.02.12-13.18.46:070][  0]LogConfig: Setting CVar [[r.RefractionQuality:2]]
[2021.02.12-13.18.46:070][  0]LogConfig: Setting CVar [[r.SSR.Quality:3]]
[2021.02.12-13.18.46:070][  0]LogConfig: Setting CVar [[r.SceneColorFormat:4]]
[2021.02.12-13.18.46:070][  0]LogConfig: Setting CVar [[r.DetailMode:2]]
[2021.02.12-13.18.46:070][  0]LogConfig: Setting CVar [[r.TranslucencyVolumeBlur:1]]
[2021.02.12-13.18.46:070][  0]LogConfig: Setting CVar [[r.MaterialQualityLevel:1 ; High quality]]
[2021.02.12-13.18.46:070][  0]LogConfig: Setting CVar [[r.SSS.Scale:1]]
[2021.02.12-13.18.46:070][  0]LogConfig: Setting CVar [[r.SSS.SampleSet:2]]
[2021.02.12-13.18.46:070][  0]LogConfig: Setting CVar [[r.SSS.Quality:1]]
[2021.02.12-13.18.46:070][  0]LogConfig: Setting CVar [[r.SSS.HalfRes:1]]
[2021.02.12-13.18.46:070][  0]LogConfig: Setting CVar [[r.EmitterSpawnRateScale:1.0]]
[2021.02.12-13.18.46:070][  0]LogConfig: Setting CVar [[r.ParticleLightQuality:2]]
[2021.02.12-13.18.46:070][  0]LogConfig: Applying CVar settings from Section [FoliageQuality@3] File [D:/Ecole/ICAN/5eme Annee/Prog/MyProject/Saved/Config/Windows/Scalability.ini]
[2021.02.12-13.18.46:070][  0]LogConfig: Setting CVar [[foliage.DensityScale:1.0]]
[2021.02.12-13.18.46:070][  0]LogConfig: Setting CVar [[grass.DensityScale:1.0]]
[2021.02.12-13.18.46:070][  0]LogInit: Selected Device Profile: [Windows]
[2021.02.12-13.18.46:070][  0]LogInit: Applying CVar settings loaded from the selected device profile: [Windows]
[2021.02.12-13.18.46:271][  0]LogHAL: Display: Platform has ~ 16 GB [17011298304 / 17179869184 / 16], which maps to Larger [LargestMinGB=32, LargerMinGB=12, DefaultMinGB=8, SmallerMinGB=6, SmallestMinGB=0)
[2021.02.12-13.18.46:271][  0]LogConfig: Setting CVar [[r.Vulkan.UseRealUBs:0		; Required until we fix HLR fall-out]]
[2021.02.12-13.18.46:271][  0]LogInit: Going up to parent DeviceProfile []
[2021.02.12-13.18.46:271][  0]LogConfig: Applying CVar settings from Section [ViewDistanceQuality@3] File [D:/Ecole/ICAN/5eme Annee/Prog/MyProject/Saved/Config/Windows/Scalability.ini]
[2021.02.12-13.18.46:271][  0]LogConfig: Setting CVar [[r.SkeletalMeshLODBias:0]]
[2021.02.12-13.18.46:271][  0]LogConfig: Setting CVar [[r.ViewDistanceScale:1.0]]
[2021.02.12-13.18.46:271][  0]LogConfig: Applying CVar settings from Section [AntiAliasingQuality@3] File [D:/Ecole/ICAN/5eme Annee/Prog/MyProject/Saved/Config/Windows/Scalability.ini]
[2021.02.12-13.18.46:271][  0]LogConfig: Setting CVar [[r.PostProcessAAQuality:4]]
[2021.02.12-13.18.46:271][  0]LogConfig: Applying CVar settings from Section [ShadowQuality@3] File [D:/Ecole/ICAN/5eme Annee/Prog/MyProject/Saved/Config/Windows/Scalability.ini]
[2021.02.12-13.18.46:271][  0]LogConfig: Setting CVar [[r.LightFunctionQuality:1]]
[2021.02.12-13.18.46:271][  0]LogConfig: Setting CVar [[r.ShadowQuality:5]]
[2021.02.12-13.18.46:271][  0]LogConfig: Setting CVar [[r.Shadow.CSM.MaxCascades:10]]
[2021.02.12-13.18.46:271][  0]LogConfig: Setting CVar [[r.Shadow.MaxResolution:2048]]
[2021.02.12-13.18.46:271][  0]LogConfig: Setting CVar [[r.Shadow.MaxCSMResolution:2048]]
[2021.02.12-13.18.46:271][  0]LogConfig: Setting CVar [[r.Shadow.RadiusThreshold:0.01]]
[2021.02.12-13.18.46:271][  0]LogConfig: Setting CVar [[r.Shadow.DistanceScale:1.0]]
[2021.02.12-13.18.46:271][  0]LogConfig: Setting CVar [[r.Shadow.CSM.TransitionScale:1.0]]
[2021.02.12-13.18.46:271][  0]LogConfig: Setting CVar [[r.Shadow.PreShadowResolutionFactor:1.0]]
[2021.02.12-13.18.46:271][  0]LogConfig: Setting CVar [[r.DistanceFieldShadowing:1]]
[2021.02.12-13.18.46:271][  0]LogConfig: Setting CVar [[r.DistanceFieldAO:1]]
[2021.02.12-13.18.46:271][  0]LogConfig: Setting CVar [[r.AOQuality:2]]
[2021.02.12-13.18.46:271][  0]LogConfig: Setting CVar [[r.VolumetricFog:1]]
[2021.02.12-13.18.46:271][  0]LogConfig: Setting CVar [[r.VolumetricFog.GridPixelSize:8]]
[2021.02.12-13.18.46:271][  0]LogConfig: Setting CVar [[r.VolumetricFog.GridSizeZ:128]]
[2021.02.12-13.18.46:271][  0]LogConfig: Setting CVar [[r.VolumetricFog.HistoryMissSupersampleCount:4]]
[2021.02.12-13.18.46:271][  0]LogConfig: Setting CVar [[r.LightMaxDrawDistanceScale:1]]
[2021.02.12-13.18.46:271][  0]LogConfig: Setting CVar [[r.CapsuleShadows:1]]
[2021.02.12-13.18.46:271][  0]LogConfig: Applying CVar settings from Section [PostProcessQuality@3] File [D:/Ecole/ICAN/5eme Annee/Prog/MyProject/Saved/Config/Windows/Scalability.ini]
[2021.02.12-13.18.46:271][  0]LogConfig: Setting CVar [[r.MotionBlurQuality:4]]
[2021.02.12-13.18.46:271][  0]LogConfig: Setting CVar [[r.AmbientOcclusionMipLevelFactor:0.4]]
[2021.02.12-13.18.46:271][  0]LogConfig: Setting CVar [[r.AmbientOcclusionMaxQuality:100]]
[2021.02.12-13.18.46:271][  0]LogConfig: Setting CVar [[r.AmbientOcclusionLevels:-1]]
[2021.02.12-13.18.46:271][  0]LogConfig: Setting CVar [[r.AmbientOcclusionRadiusScale:1.0]]
[2021.02.12-13.18.46:271][  0]LogConfig: Setting CVar [[r.DepthOfFieldQuality:2]]
[2021.02.12-13.18.46:271][  0]LogConfig: Setting CVar [[r.RenderTargetPoolMin:400]]
[2021.02.12-13.18.46:271][  0]LogConfig: Setting CVar [[r.LensFlareQuality:2]]
[2021.02.12-13.18.46:271][  0]LogConfig: Setting CVar [[r.SceneColorFringeQuality:1]]
[2021.02.12-13.18.46:272][  0]LogConfig: Setting CVar [[r.EyeAdaptationQuality:2]]
[2021.02.12-13.18.46:272][  0]LogConfig: Setting CVar [[r.BloomQuality:5]]
[2021.02.12-13.18.46:272][  0]LogConfig: Setting CVar [[r.FastBlurThreshold:100]]
[2021.02.12-13.18.46:272][  0]LogConfig: Setting CVar [[r.Upscale.Quality:3]]
[2021.02.12-13.18.46:272][  0]LogConfig: Setting CVar [[r.Tonemapper.GrainQuantization:1]]
[2021.02.12-13.18.46:272][  0]LogConfig: Setting CVar [[r.LightShaftQuality:1]]
[2021.02.12-13.18.46:272][  0]LogConfig: Setting CVar [[r.Filter.SizeScale:1]]
[2021.02.12-13.18.46:272][  0]LogConfig: Setting CVar [[r.Tonemapper.Quality:5]]
[2021.02.12-13.18.46:272][  0]LogConfig: Setting CVar [[r.DOF.Gather.AccumulatorQuality:1        ; higher gathering accumulator quality]]
[2021.02.12-13.18.46:272][  0]LogConfig: Setting CVar [[r.DOF.Gather.PostfilterMethod:1          ; Median3x3 postfilering method]]
[2021.02.12-13.18.46:272][  0]LogConfig: Setting CVar [[r.DOF.Gather.EnableBokehSettings:0       ; no bokeh simulation when gathering]]
[2021.02.12-13.18.46:272][  0]LogConfig: Setting CVar [[r.DOF.Gather.RingCount:4                 ; medium number of samples when gathering]]
[2021.02.12-13.18.46:272][  0]LogConfig: Setting CVar [[r.DOF.Scatter.ForegroundCompositing:1    ; additive foreground scattering]]
[2021.02.12-13.18.46:272][  0]LogConfig: Setting CVar [[r.DOF.Scatter.BackgroundCompositing:2    ; additive background scattering]]
[2021.02.12-13.18.46:272][  0]LogConfig: Setting CVar [[r.DOF.Scatter.EnableBokehSettings:1      ; bokeh simulation when scattering]]
[2021.02.12-13.18.46:272][  0]LogConfig: Setting CVar [[r.DOF.Scatter.MaxSpriteRatio:0.1         ; only a maximum of 10% of scattered bokeh]]
[2021.02.12-13.18.46:272][  0]LogConfig: Setting CVar [[r.DOF.Recombine.Quality:1                ; cheap slight out of focus]]
[2021.02.12-13.18.46:272][  0]LogConfig: Setting CVar [[r.DOF.Recombine.EnableBokehSettings:0    ; no bokeh simulation on slight out of focus]]
[2021.02.12-13.18.46:272][  0]LogConfig: Setting CVar [[r.DOF.TemporalAAQuality:1                ; more stable temporal accumulation]]
[2021.02.12-13.18.46:272][  0]LogConfig: Setting CVar [[r.DOF.Kernel.MaxForegroundRadius:0.025]]
[2021.02.12-13.18.46:272][  0]LogConfig: Setting CVar [[r.DOF.Kernel.MaxBackgroundRadius:0.025]]
[2021.02.12-13.18.46:272][  0]LogConfig: Applying CVar settings from Section [TextureQuality@3] File [D:/Ecole/ICAN/5eme Annee/Prog/MyProject/Saved/Config/Windows/Scalability.ini]
[2021.02.12-13.18.46:272][  0]LogConfig: Setting CVar [[r.Streaming.MipBias:0]]
[2021.02.12-13.18.46:272][  0]LogConfig: Setting CVar [[r.Streaming.AmortizeCPUToGPUCopy:0]]
[2021.02.12-13.18.46:272][  0]LogConfig: Setting CVar [[r.Streaming.MaxNumTexturesToStreamPerFrame:0]]
[2021.02.12-13.18.46:272][  0]LogConfig: Setting CVar [[r.Streaming.Boost:1]]
[2021.02.12-13.18.46:272][  0]LogConfig: Setting CVar [[r.MaxAnisotropy:8]]
[2021.02.12-13.18.46:272][  0]LogConfig: Setting CVar [[r.Streaming.LimitPoolSizeToVRAM:0]]
[2021.02.12-13.18.46:272][  0]LogConfig: Setting CVar [[r.Streaming.PoolSize:1000]]
[2021.02.12-13.18.46:272][  0]LogConfig: Setting CVar [[r.Streaming.MaxEffectiveScreenSize:0]]
[2021.02.12-13.18.46:272][  0]LogConfig: Applying CVar settings from Section [EffectsQuality@3] File [D:/Ecole/ICAN/5eme Annee/Prog/MyProject/Saved/Config/Windows/Scalability.ini]
[2021.02.12-13.18.46:272][  0]LogConfig: Setting CVar [[r.TranslucencyLightingVolumeDim:64]]
[2021.02.12-13.18.46:272][  0]LogConfig: Setting CVar [[r.RefractionQuality:2]]
[2021.02.12-13.18.46:272][  0]LogConfig: Setting CVar [[r.SSR.Quality:3]]
[2021.02.12-13.18.46:272][  0]LogConfig: Setting CVar [[r.SceneColorFormat:4]]
[2021.02.12-13.18.46:272][  0]LogConfig: Setting CVar [[r.DetailMode:2]]
[2021.02.12-13.18.46:272][  0]LogConfig: Setting CVar [[r.TranslucencyVolumeBlur:1]]
[2021.02.12-13.18.46:272][  0]LogConfig: Setting CVar [[r.MaterialQualityLevel:1 ; High quality]]
[2021.02.12-13.18.46:272][  0]LogConfig: Setting CVar [[r.SSS.Scale:1]]
[2021.02.12-13.18.46:272][  0]LogConfig: Setting CVar [[r.SSS.SampleSet:2]]
[2021.02.12-13.18.46:272][  0]LogConfig: Setting CVar [[r.SSS.Quality:1]]
[2021.02.12-13.18.46:272][  0]LogConfig: Setting CVar [[r.SSS.HalfRes:1]]
[2021.02.12-13.18.46:272][  0]LogConfig: Setting CVar [[r.EmitterSpawnRateScale:1.0]]
[2021.02.12-13.18.46:272][  0]LogConfig: Setting CVar [[r.ParticleLightQuality:2]]
[2021.02.12-13.18.46:272][  0]LogConfig: Applying CVar settings from Section [FoliageQuality@3] File [D:/Ecole/ICAN/5eme Annee/Prog/MyProject/Saved/Config/Windows/Scalability.ini]
[2021.02.12-13.18.46:272][  0]LogConfig: Setting CVar [[foliage.DensityScale:1.0]]
[2021.02.12-13.18.46:272][  0]LogConfig: Setting CVar [[grass.DensityScale:1.0]]
[2021.02.12-13.18.46:272][  0]LogConfig: Applying CVar settings from Section [Startup] File [../../../Engine/Config/ConsoleVariables.ini]
[2021.02.12-13.18.46:272][  0]LogConfig: Setting CVar [[net.UseAdaptiveNetUpdateFrequency:0]]
[2021.02.12-13.18.46:272][  0]LogConfig: Setting CVar [[p.chaos.AllowCreatePhysxBodies:1]]
[2021.02.12-13.18.46:272][  0]LogConfig: Applying CVar settings from Section [ConsoleVariables] File [D:/Ecole/ICAN/5eme Annee/Prog/MyProject/Saved/Config/Windows/Engine.ini]
[2021.02.12-13.18.46:272][  0]LogInit: Computer: LAPTOP-G4FBN92F
[2021.02.12-13.18.46:272][  0]LogInit: User: julie
[2021.02.12-13.18.46:272][  0]LogInit: CPU Page size=4096, Cores=6
[2021.02.12-13.18.46:272][  0]LogInit: High frequency timer resolution =10.000000 MHz
[2021.02.12-13.18.46:273][  0]LogMemory: Memory total: Physical=15.8GB (16GB approx)
[2021.02.12-13.18.46:273][  0]LogMemory: Platform Memory Stats for Windows
[2021.02.12-13.18.46:273][  0]LogMemory: Process Physical Memory: 100.40 MB used, 100.40 MB peak
[2021.02.12-13.18.46:273][  0]LogMemory: Process Virtual Memory: 90.02 MB used, 90.02 MB peak
[2021.02.12-13.18.46:273][  0]LogMemory: Physical Memory: 9039.22 MB used,  7184.02 MB free, 16223.24 MB total
[2021.02.12-13.18.46:273][  0]LogMemory: Virtual Memory: 4660.83 MB used,  134213064.00 MB free, 134217728.00 MB total
[2021.02.12-13.18.46:290][  0]LogInit: Using OS detected language (fr-FR).
[2021.02.12-13.18.46:290][  0]LogInit: Using OS detected locale (fr-FR).
[2021.02.12-13.18.46:290][  0]LogTextLocalizationManager: No specific localization for 'fr-FR' exists, so the 'fr' localization will be used.
[2021.02.12-13.18.46:291][  0]LogTextLocalizationResource: LocRes '../../../Engine/Content/Localization/Editor/fr/Editor.locres' could not be opened for reading!
[2021.02.12-13.18.46:291][  0]LogTextLocalizationResource: LocRes '../../../Engine/Content/Localization/EditorTutorials/fr/EditorTutorials.locres' could not be opened for reading!
[2021.02.12-13.18.46:291][  0]LogTextLocalizationResource: LocRes '../../../Engine/Content/Localization/Keywords/fr/Keywords.locres' could not be opened for reading!
[2021.02.12-13.18.46:291][  0]LogTextLocalizationResource: LocRes '../../../Engine/Content/Localization/Category/fr/Category.locres' could not be opened for reading!
[2021.02.12-13.18.46:291][  0]LogTextLocalizationResource: LocRes '../../../Engine/Content/Localization/ToolTips/fr/ToolTips.locres' could not be opened for reading!
[2021.02.12-13.18.46:291][  0]LogTextLocalizationResource: LocRes '../../../Engine/Content/Localization/PropertyNames/fr/PropertyNames.locres' could not be opened for reading!
[2021.02.12-13.18.46:291][  0]LogTextLocalizationResource: LocRes '../../../Engine/Content/Localization/Engine/fr/Engine.locres' could not be opened for reading!
[2021.02.12-13.18.46:309][  0]LogInit: Setting process to per monitor DPI aware
[2021.02.12-13.18.46:352][  0]LogSlate: New Slate User Created.  User Index 0, Is Virtual User: 0
[2021.02.12-13.18.46:352][  0]LogSlate: Slate User Registered.  User Index 0, Is Virtual User: 0
[2021.02.12-13.18.46:552][  0]LogHMD: Failed to initialize OpenVR with code 110
[2021.02.12-13.18.46:552][  0]LogD3D11RHI: D3D11 adapters:
[2021.02.12-13.18.46:644][  0]LogD3D11RHI:    0. 'NVIDIA GeForce RTX 2060' (Feature Level 11_0)
[2021.02.12-13.18.46:644][  0]LogD3D11RHI:       5980/0/8111 MB DedicatedVideo/DedicatedSystem/SharedSystem, Outputs:1, VendorId:0x10de
[2021.02.12-13.18.46:663][  0]LogD3D11RHI:    1. 'Intel(R) UHD Graphics 630' (Feature Level 11_0)
[2021.02.12-13.18.46:663][  0]LogD3D11RHI:       128/0/8111 MB DedicatedVideo/DedicatedSystem/SharedSystem, Outputs:0, VendorId:0x8086
[2021.02.12-13.18.46:665][  0]LogD3D11RHI:    2. 'Microsoft Basic Render Driver' (Feature Level 11_0)
[2021.02.12-13.18.46:665][  0]LogD3D11RHI:       0/0/8111 MB DedicatedVideo/DedicatedSystem/SharedSystem, Outputs:0, VendorId:0x1414
[2021.02.12-13.18.46:665][  0]LogD3D11RHI: Chosen D3D11 Adapter: 0
[2021.02.12-13.18.46:701][  0]LogD3D11RHI: Creating new Direct3DDevice
[2021.02.12-13.18.46:701][  0]LogD3D11RHI:     GPU DeviceId: 0x1f11 (for the marketing name, search the web for "GPU Device Id")
[2021.02.12-13.18.46:701][  0]LogWindows: EnumDisplayDevices:
[2021.02.12-13.18.46:701][  0]LogWindows:    0. 'Intel(R) UHD Graphics 630' (P:1 D:1)
[2021.02.12-13.18.46:701][  0]LogWindows:    1. 'Intel(R) UHD Graphics 630' (P:0 D:0)
[2021.02.12-13.18.46:702][  0]LogWindows:    2. 'Intel(R) UHD Graphics 630' (P:0 D:0)
[2021.02.12-13.18.46:702][  0]LogWindows:    3. 'NVIDIA GeForce RTX 2060' (P:0 D:0)
[2021.02.12-13.18.46:702][  0]LogWindows:    4. 'NVIDIA GeForce RTX 2060' (P:0 D:0)
[2021.02.12-13.18.46:702][  0]LogWindows:    5. 'NVIDIA GeForce RTX 2060' (P:0 D:0)
[2021.02.12-13.18.46:703][  0]LogWindows:    6. 'NVIDIA GeForce RTX 2060' (P:0 D:0)
[2021.02.12-13.18.46:703][  0]LogWindows: DebugString: PrimaryIsNotTheChoosenAdapter PrimaryIsNotTheChoosenAdapter PrimaryIsNotTheChoosenAdapter FoundDriverCount:4 
[2021.02.12-13.18.46:703][  0]LogD3D11RHI:     Adapter Name: NVIDIA GeForce RTX 2060
[2021.02.12-13.18.46:703][  0]LogD3D11RHI:   Driver Version: 441.37 (internal:26.21.14.4137, unified:441.37)
[2021.02.12-13.18.46:703][  0]LogD3D11RHI:      Driver Date: 11-18-2019
[2021.02.12-13.18.46:703][  0]LogRHI: Texture pool is 4186 MB (70% of 5980 MB)
[2021.02.12-13.18.46:767][  0]LogD3D11RHI: Async texture creation enabled
[2021.02.12-13.18.46:778][  0]LogRendererCore: FGlobalReadBuffer::InitRHI
[2021.02.12-13.18.46:779][  0]LogRendererCore: FGlobalReadBuffer::InitRHI
[2021.02.12-13.18.46:779][  0]LogRendererCore: FGlobalReadBuffer::InitRHI
[2021.02.12-13.18.46:786][  0]LogD3D11RHI: GPU Timing Frequency: 1000.000000 (Debug: 2 1)
[2021.02.12-13.18.47:042][  0]LogTemp: Display: Module 'AllDesktopTargetPlatform' loaded TargetPlatform 'AllDesktop'
[2021.02.12-13.18.47:053][  0]LogTemp: Display: Module 'MacClientTargetPlatform' loaded TargetPlatform 'MacClient'
[2021.02.12-13.18.47:065][  0]LogTemp: Display: Module 'MacNoEditorTargetPlatform' loaded TargetPlatform 'MacNoEditor'
[2021.02.12-13.18.47:077][  0]LogTemp: Display: Module 'MacServerTargetPlatform' loaded TargetPlatform 'MacServer'
[2021.02.12-13.18.47:091][  0]LogTemp: Display: Module 'MacTargetPlatform' loaded TargetPlatform 'Mac'
[2021.02.12-13.18.47:103][  0]LogTemp: Display: Module 'WindowsClientTargetPlatform' loaded TargetPlatform 'WindowsClient'
[2021.02.12-13.18.47:114][  0]LogTemp: Display: Module 'WindowsNoEditorTargetPlatform' loaded TargetPlatform 'WindowsNoEditor'
[2021.02.12-13.18.47:126][  0]LogTemp: Display: Module 'WindowsServerTargetPlatform' loaded TargetPlatform 'WindowsServer'
[2021.02.12-13.18.47:131][  0]LogTemp: Display: Module 'WindowsTargetPlatform' loaded TargetPlatform 'Windows'
[2021.02.12-13.18.47:202][  0]LogTemp: Display: Module 'AndroidTargetPlatform' loaded TargetPlatform 'Android'
[2021.02.12-13.18.47:202][  0]LogTemp: Display: Module 'AndroidTargetPlatform' loaded TargetPlatform 'Android_ASTC'
[2021.02.12-13.18.47:202][  0]LogTemp: Display: Module 'AndroidTargetPlatform' loaded TargetPlatform 'Android_ATC'
[2021.02.12-13.18.47:202][  0]LogTemp: Display: Module 'AndroidTargetPlatform' loaded TargetPlatform 'Android_DXT'
[2021.02.12-13.18.47:202][  0]LogTemp: Display: Module 'AndroidTargetPlatform' loaded TargetPlatform 'Android_ETC1'
[2021.02.12-13.18.47:202][  0]LogTemp: Display: Module 'AndroidTargetPlatform' loaded TargetPlatform 'Android_ETC1a'
[2021.02.12-13.18.47:202][  0]LogTemp: Display: Module 'AndroidTargetPlatform' loaded TargetPlatform 'Android_ETC2'
[2021.02.12-13.18.47:202][  0]LogTemp: Display: Module 'AndroidTargetPlatform' loaded TargetPlatform 'Android_PVRTC'
[2021.02.12-13.18.47:202][  0]LogTemp: Display: Module 'AndroidTargetPlatform' loaded TargetPlatform 'AndroidClient'
[2021.02.12-13.18.47:202][  0]LogTemp: Display: Module 'AndroidTargetPlatform' loaded TargetPlatform 'Android_ASTCClient'
[2021.02.12-13.18.47:202][  0]LogTemp: Display: Module 'AndroidTargetPlatform' loaded TargetPlatform 'Android_ATCClient'
[2021.02.12-13.18.47:202][  0]LogTemp: Display: Module 'AndroidTargetPlatform' loaded TargetPlatform 'Android_DXTClient'
[2021.02.12-13.18.47:202][  0]LogTemp: Display: Module 'AndroidTargetPlatform' loaded TargetPlatform 'Android_ETC1Client'
[2021.02.12-13.18.47:202][  0]LogTemp: Display: Module 'AndroidTargetPlatform' loaded TargetPlatform 'Android_ETC1aClient'
[2021.02.12-13.18.47:202][  0]LogTemp: Display: Module 'AndroidTargetPlatform' loaded TargetPlatform 'Android_ETC2Client'
[2021.02.12-13.18.47:202][  0]LogTemp: Display: Module 'AndroidTargetPlatform' loaded TargetPlatform 'Android_PVRTCClient'
[2021.02.12-13.18.47:202][  0]LogTemp: Display: Module 'AndroidTargetPlatform' loaded TargetPlatform 'Android_Multi'
[2021.02.12-13.18.47:202][  0]LogTemp: Display: Module 'AndroidTargetPlatform' loaded TargetPlatform 'Android_MultiClient'
[2021.02.12-13.18.47:204][  0]LogTemp: Display: Module 'HTML5TargetPlatform' loaded TargetPlatform 'HTML5'
[2021.02.12-13.18.47:247][  0]LogTemp: Display: Module 'IOSTargetPlatform' loaded TargetPlatform 'IOSClient'
[2021.02.12-13.18.47:247][  0]LogTemp: Display: Module 'IOSTargetPlatform' loaded TargetPlatform 'IOS'
[2021.02.12-13.18.47:267][  0]LogTemp: Display: Module 'TVOSTargetPlatform' loaded TargetPlatform 'TVOSClient'
[2021.02.12-13.18.47:267][  0]LogTemp: Display: Module 'TVOSTargetPlatform' loaded TargetPlatform 'TVOS'
[2021.02.12-13.18.47:278][  0]LogTemp: Display: Module 'LinuxClientTargetPlatform' loaded TargetPlatform 'LinuxClient'
[2021.02.12-13.18.47:289][  0]LogTemp: Display: Module 'LinuxNoEditorTargetPlatform' loaded TargetPlatform 'LinuxNoEditor'
[2021.02.12-13.18.47:299][  0]LogTemp: Display: Module 'LinuxServerTargetPlatform' loaded TargetPlatform 'LinuxServer'
[2021.02.12-13.18.47:310][  0]LogTemp: Display: Module 'LinuxTargetPlatform' loaded TargetPlatform 'Linux'
[2021.02.12-13.18.47:348][  0]LogTemp: Display: Module 'LuminTargetPlatform' loaded TargetPlatform 'Lumin'
[2021.02.12-13.18.47:349][  0]LogTemp: Display: Module 'LuminTargetPlatform' loaded TargetPlatform 'LuminClient'
[2021.02.12-13.18.47:349][  0]LogTargetPlatformManager: Display: Building Assets For Windows
[2021.02.12-13.18.47:355][  0]LogAudioDebug: Display: Lib vorbis DLL was dynamically loaded.
[2021.02.12-13.18.47:389][  0]LogShaderCompilers: Guid format shader working directory is -12 characters bigger than the processId version (../../../../../../../Ecole/ICAN/5eme Annee/Prog/MyProject/Intermediate/Shaders/WorkingDirectory/18184/).
[2021.02.12-13.18.47:389][  0]LogShaderCompilers: Cleaned the shader compiler working directory 'C:/Users/julie/AppData/Local/Temp/UnrealShaderWorkingDir/A823F51B4DABC821164BD0849017056E/'.
[2021.02.12-13.18.47:391][  0]LogXGEController: Cannot use XGE Controller as Incredibuild is not installed on this machine.
[2021.02.12-13.18.47:391][  0]LogShaderCompilers: Cannot use XGE Shader Compiler as Incredibuild is not installed on this machine.
[2021.02.12-13.18.47:391][  0]LogShaderCompilers: Display: Using Local Shader Compiler.
[2021.02.12-13.18.47:893][  0]LogDerivedDataCache: Display: Max Cache Size: 512 MB
[2021.02.12-13.18.47:936][  0]LogDerivedDataCache: Loaded boot cache 0.04s 71MB C:/Users/julie/AppData/Local/UnrealEngine/4.22/DerivedDataCache/Boot.ddc.
[2021.02.12-13.18.47:936][  0]LogDerivedDataCache: Display: Loaded Boot cache: C:/Users/julie/AppData/Local/UnrealEngine/4.22/DerivedDataCache/Boot.ddc
[2021.02.12-13.18.47:936][  0]LogDerivedDataCache: FDerivedDataBackendGraph:  Pak pak cache file ../../../../../../../Ecole/ICAN/5eme Annee/Prog/MyProject/DerivedDataCache/DDC.ddp not found, will not use a pak cache.
[2021.02.12-13.18.47:936][  0]LogDerivedDataCache: Unable to find inner node Pak for hierarchical cache Hierarchy.
[2021.02.12-13.18.47:936][  0]LogDerivedDataCache: FDerivedDataBackendGraph:  CompressedPak pak cache file ../../../../../../../Ecole/ICAN/5eme Annee/Prog/MyProject/DerivedDataCache/Compressed.ddp not found, will not use a pak cache.
[2021.02.12-13.18.47:936][  0]LogDerivedDataCache: Unable to find inner node CompressedPak for hierarchical cache Hierarchy.
[2021.02.12-13.18.47:947][  0]LogDerivedDataCache: Display: Pak cache opened for reading ../../../Engine/DerivedDataCache/Compressed.ddp.
[2021.02.12-13.18.47:947][  0]LogDerivedDataCache: FDerivedDataBackendGraph:  EnterprisePak pak cache file ../../../Enterprise/DerivedDataCache/Compressed.ddp not found, will not use a pak cache.
[2021.02.12-13.18.47:947][  0]LogDerivedDataCache: Unable to find inner node EnterprisePak for hierarchical cache Hierarchy.
[2021.02.12-13.18.47:959][  0]LogDerivedDataCache: Using Local data cache path C:/Users/julie/AppData/Local/UnrealEngine/Common/DerivedDataCache: Writable
[2021.02.12-13.18.47:959][  0]LogDerivedDataCache: Shared data cache path not found in *engine.ini, will not use an Shared cache.
[2021.02.12-13.18.47:959][  0]LogDerivedDataCache: Unable to find inner node Shared for hierarchical cache Hierarchy.
[2021.02.12-13.18.47:979][  0]LogMaterial: Verifying Global Shaders for PCD3D_SM5
[2021.02.12-13.18.47:981][  0]LogSlate: Using FreeType 2.6.0
[2021.02.12-13.18.47:985][  0]LogSlate: SlateFontServices - WITH_FREETYPE: 1, WITH_HARFBUZZ: 1
[2021.02.12-13.18.48:066][  0]LogAssetRegistry: FAssetRegistry took 0.0324 seconds to start up
[2021.02.12-13.18.48:354][  0]LogInit: Selected Device Profile: [Windows]
[2021.02.12-13.18.48:466][  0]LogMeshReduction: Using QuadricMeshReduction for automatic static mesh reduction
[2021.02.12-13.18.48:466][  0]LogMeshReduction: Using SimplygonMeshReduction for automatic skeletal mesh reduction
[2021.02.12-13.18.48:466][  0]LogMeshReduction: Using ProxyLODMeshReduction for automatic mesh merging
[2021.02.12-13.18.48:466][  0]LogMeshReduction: No distributed automatic mesh merging module available
[2021.02.12-13.18.48:466][  0]LogMeshMerging: No distributed automatic mesh merging module available
[2021.02.12-13.18.48:864][  0]LogNetVersion: MyProject 1.0.0, NetCL: 5660361, EngineNetVer: 10, GameNetVer: 0 (Checksum: 2788865488)
[2021.02.12-13.18.49:199][  0]LogPackageLocalizationCache: Processed 10 localized package path(s) for 1 prioritized culture(s) in 0.030841 seconds
[2021.02.12-13.18.49:206][  0]LogUObjectArray: 42205 objects as part of root set at end of initial load.
[2021.02.12-13.18.49:206][  0]LogUObjectAllocator: 7325032 out of 0 bytes used by permanent object pool.
[2021.02.12-13.18.49:206][  0]LogUObjectArray: CloseDisregardForGC: 0/0 objects in disregard for GC pool
[2021.02.12-13.18.49:965][  0]LogTcpMessaging: Initializing TcpMessaging bridge
[2021.02.12-13.18.49:978][  0]LogUdpMessaging: Initializing bridge on interface 0.0.0.0:0 to multicast group 230.0.0.1:6666.
[2021.02.12-13.18.50:087][  0]SourceControl: Source control is disabled
[2021.02.12-13.18.50:087][  0]SourceControl: Source control is disabled
[2021.02.12-13.18.50:088][  0]SourceControl: Source control is disabled
[2021.02.12-13.18.50:089][  0]SourceControl: Source control is disabled
[2021.02.12-13.18.50:166][  0]LogAndroidPermission: UAndroidPermissionCallbackProxy::GetInstance
[2021.02.12-13.18.50:303][  0]LogOcInput: OculusInput pre-init called
[2021.02.12-13.18.51:209][  0]LogEngine: Initializing Engine...
[2021.02.12-13.18.51:210][  0]LogHMD: Failed to initialize OpenVR with code 110
[2021.02.12-13.18.51:211][  0]LogStats: UGameplayTagsManager::InitializeManager -  0.000 s
[2021.02.12-13.18.51:397][  0]LogInit: Initializing FReadOnlyCVARCache
[2021.02.12-13.18.51:406][  0]LogAIModule: Creating AISystem for world Untitled
[2021.02.12-13.18.51:446][  0]LogInit: XAudio2 using 'Casque pour téléphone (2- Corsair HS70 Wireless Gaming Headset)' : 2 channels at 48 kHz using 16 bits per sample (channel mask 0x3)
[2021.02.12-13.18.51:483][  0]LogInit: FAudioDevice initialized.
[2021.02.12-13.18.51:484][  0]LogNetVersion: Set ProjectVersion to 1.0.0.0. Version Checksum will be recalculated on next use.
[2021.02.12-13.18.51:523][  0]LogDerivedDataCache: Saved boot cache 0.04s 71MB C:/Users/julie/AppData/Local/UnrealEngine/4.22/DerivedDataCache/Boot.ddc.
[2021.02.12-13.18.51:528][  0]LogInit: Texture streaming: Enabled
[2021.02.12-13.18.51:541][  0]LogEngineSessionManager: EngineSessionManager initialized
[2021.02.12-13.18.51:557][  0]LogInit: Transaction tracking system initialized
[2021.02.12-13.18.51:570][  0]BlueprintLog: New page: Editor Load
[2021.02.12-13.18.51:622][  0]LocalizationService: Localization service is disabled
[2021.02.12-13.18.51:877][  0]LogFileCache: Scanning file cache for directory 'D:/Ecole/ICAN/5eme Annee/Prog/MyProject/Content/' took 0.01s
[2021.02.12-13.18.51:877][  0]LogCook: Display: Max memory allowance for cook 16384mb min free memory 0mb
[2021.02.12-13.18.51:877][  0]LogCook: Display: Mobile HDR setting 1
[2021.02.12-13.18.52:027][  0]SourceControl: Source control is disabled
[2021.02.12-13.18.52:027][  0]Cmd: MAP LOAD FILE="../../../../../../../Ecole/ICAN/5eme Annee/Prog/MyProject/Content/StarterContent/Maps/Minimal_Default.umap" TEMPLATE=0 SHOWPROGRESS=1 FEATURELEVEL=3
[2021.02.12-13.18.52:027][  0]LightingResults: New page: Lighting Build
[2021.02.12-13.18.52:028][  0]MapCheck: New page: Map Check
[2021.02.12-13.18.52:028][  0]LightingResults: New page: Lighting Build
[2021.02.12-13.18.52:052][  0]LogUObjectHash: Compacting FUObjectHashTables data took   1.38ms
[2021.02.12-13.18.52:659][  0]LogAIModule: Creating AISystem for world Minimal_Default
[2021.02.12-13.18.52:676][  0]LogEditorServer: Finished looking for orphan Actors (0.000 secs)
[2021.02.12-13.18.52:703][  0]LogUObjectHash: Compacting FUObjectHashTables data took   1.91ms
[2021.02.12-13.18.52:703][  0]Cmd: MAP CHECKDEP NOCLEARLOG
[2021.02.12-13.18.52:703][  0]MapCheck: Map check complete: 0 Error(s), 0 Warning(s), took 0,092ms to complete.
[2021.02.12-13.18.52:703][  0]LogFileHelpers: Loading map 'Minimal_Default' took 0.677
[2021.02.12-13.18.53:074][  0]LogSlate: Updating window title bar state: overlay mode, drag disabled, window buttons hidden, title bar hidden
[2021.02.12-13.18.53:080][  0]LogSlate: Updating window title bar state: overlay mode, drag disabled, window buttons hidden, title bar hidden
[2021.02.12-13.18.53:086][  0]LogSlate: Updating window title bar state: overlay mode, drag disabled, window buttons hidden, title bar hidden
[2021.02.12-13.18.53:092][  0]LogSlate: Updating window title bar state: overlay mode, drag disabled, window buttons hidden, title bar hidden
[2021.02.12-13.18.53:108][  0]LogCollectionManager: Loaded 0 collections in 0.000701 seconds
[2021.02.12-13.18.53:132][  0]LogFileCache: Scanning file cache for directory 'D:/Ecole/ICAN/5eme Annee/Prog/MyProject/Saved/Collections/' took 0.01s
[2021.02.12-13.18.53:132][  0]LogFileCache: Scanning file cache for directory 'D:/Ecole/ICAN/5eme Annee/Prog/MyProject/Content/Developers/julie/Collections/' took 0.00s
[2021.02.12-13.18.53:132][  0]LogFileCache: Scanning file cache for directory 'D:/Ecole/ICAN/5eme Annee/Prog/MyProject/Content/Collections/' took 0.00s
[2021.02.12-13.18.53:132][  0]LogCollectionManager: Rebuilt the GUID cache for 0 collections in 0.000000 seconds
[2021.02.12-13.18.53:139][  0]LogContentBrowser: Native class hierarchy populated in 0.0070 seconds. Added 2732 classes and 659 folders.
[2021.02.12-13.18.53:168][  0]LogContentBrowser: Native class hierarchy updated for 'WidgetCarousel' in 0.0008 seconds. Added 0 classes and 0 folders.
[2021.02.12-13.18.53:231][  0]LogPakFile: Registered encryption key '00000000000000000000000000000000': 0 pak files mounted, 0 remain pending
[2021.02.12-13.18.53:251][  0]LogPakFile: Registered encryption key '00000000000000000000000000000000': 0 pak files mounted, 0 remain pending
[2021.02.12-13.18.53:255][  0]LogPakFile: Registered encryption key '00000000000000000000000000000000': 0 pak files mounted, 0 remain pending
[2021.02.12-13.18.53:268][  0]LogPakFile: Registered encryption key '00000000000000000000000000000000': 0 pak files mounted, 0 remain pending
[2021.02.12-13.18.53:272][  0]LogPakFile: Registered encryption key '00000000000000000000000000000000': 0 pak files mounted, 0 remain pending
[2021.02.12-13.18.53:292][  0]LogPakFile: Registered encryption key '00000000000000000000000000000000': 0 pak files mounted, 0 remain pending
[2021.02.12-13.18.53:298][  0]LogPakFile: Registered encryption key '00000000000000000000000000000000': 0 pak files mounted, 0 remain pending
[2021.02.12-13.18.53:302][  0]LogPakFile: Registered encryption key '00000000000000000000000000000000': 0 pak files mounted, 0 remain pending
[2021.02.12-13.18.53:311][  0]LogPakFile: Registered encryption key '00000000000000000000000000000000': 0 pak files mounted, 0 remain pending
[2021.02.12-13.18.53:315][  0]LogPakFile: Registered encryption key '00000000000000000000000000000000': 0 pak files mounted, 0 remain pending
[2021.02.12-13.18.53:326][  0]LogPakFile: Registered encryption key '00000000000000000000000000000000': 0 pak files mounted, 0 remain pending
[2021.02.12-13.18.53:329][  0]LogPakFile: Registered encryption key '00000000000000000000000000000000': 0 pak files mounted, 0 remain pending
[2021.02.12-13.18.53:332][  0]LogPakFile: Registered encryption key '00000000000000000000000000000000': 0 pak files mounted, 0 remain pending
[2021.02.12-13.18.53:339][  0]LogPakFile: Registered encryption key '00000000000000000000000000000000': 0 pak files mounted, 0 remain pending
[2021.02.12-13.18.53:342][  0]LogPakFile: Registered encryption key '00000000000000000000000000000000': 0 pak files mounted, 0 remain pending
[2021.02.12-13.18.53:348][  0]LogPakFile: Registered encryption key '00000000000000000000000000000000': 0 pak files mounted, 0 remain pending
[2021.02.12-13.18.53:351][  0]LogPakFile: Registered encryption key '00000000000000000000000000000000': 0 pak files mounted, 0 remain pending
[2021.02.12-13.18.53:357][  0]LogPakFile: Registered encryption key '00000000000000000000000000000000': 0 pak files mounted, 0 remain pending
[2021.02.12-13.18.53:366][  0]LogPakFile: Registered encryption key '00000000000000000000000000000000': 0 pak files mounted, 0 remain pending
[2021.02.12-13.18.53:368][  0]LogPakFile: Registered encryption key '00000000000000000000000000000000': 0 pak files mounted, 0 remain pending
[2021.02.12-13.18.53:382][  0]LogPakFile: Registered encryption key '00000000000000000000000000000000': 0 pak files mounted, 0 remain pending
[2021.02.12-13.18.53:385][  0]LogPakFile: Registered encryption key '00000000000000000000000000000000': 0 pak files mounted, 0 remain pending
[2021.02.12-13.18.53:388][  0]LogPakFile: Registered encryption key '00000000000000000000000000000000': 0 pak files mounted, 0 remain pending
[2021.02.12-13.18.53:391][  0]LogPakFile: Registered encryption key '00000000000000000000000000000000': 0 pak files mounted, 0 remain pending
[2021.02.12-13.18.53:394][  0]LogPakFile: Registered encryption key '00000000000000000000000000000000': 0 pak files mounted, 0 remain pending
[2021.02.12-13.18.53:404][  0]LogPakFile: Registered encryption key '00000000000000000000000000000000': 0 pak files mounted, 0 remain pending
[2021.02.12-13.18.53:678][  0]LogContentBrowser: Native class hierarchy updated for 'AddContentDialog' in 0.0003 seconds. Added 0 classes and 0 folders.
[2021.02.12-13.18.53:705][  0]LogContentBrowser: Native class hierarchy updated for 'SceneOutliner' in 0.0002 seconds. Added 1 classes and 2 folders.
[2021.02.12-13.18.53:757][  0]LogSlate: Took 0.000258 seconds to synchronously load lazily loaded font '../../../Engine/Content/Slate/Fonts/Roboto-Regular.ttf' (155K)
[2021.02.12-13.18.53:759][  0]LogSlate: Took 0.000126 seconds to synchronously load lazily loaded font '../../../Engine/Content/Slate/Fonts/Roboto-Bold.ttf' (160K)
[2021.02.12-13.18.53:775][  0]LogSlate: Took 0.012908 seconds to synchronously load lazily loaded font '../../../Engine/Content/Editor/Slate/Fonts/FontAwesome.ttf' (139K)
[2021.02.12-13.18.53:829][  0]LogRenderer: Reallocating scene render targets to support 1088x656 Format 10 NumSamples 1 (Frame:1).
[2021.02.12-13.18.53:985][  0]LogContentBrowser: Native class hierarchy updated for 'HierarchicalLODOutliner' in 0.0005 seconds. Added 0 classes and 0 folders.
[2021.02.12-13.18.53:985][  0]LogLoad: (Engine Initialization) Total time: 11.07 seconds
[2021.02.12-13.18.53:985][  0]LogLoad: (Engine Initialization) Total Blueprint compile time: 0.00 seconds
[2021.02.12-13.18.54:029][  0]LogAssetRegistry: Asset discovery search completed in 5.9870 seconds
[2021.02.12-13.18.54:031][  0]LogCollectionManager: Rebuilt the object cache for 0 collections in 0.000000 seconds (found 0 objects)
[2021.02.12-13.18.54:031][  0]LogCollectionManager: Fixed up redirectors for 0 collections in 0.000041 seconds (updated 0 objects)
[2021.02.12-13.18.54:032][  0]LogContentStreaming: Texture pool size now 1000 MB
[2021.02.12-13.18.54:090][  0]LogSlate: Took 0.007614 seconds to synchronously load lazily loaded font '../../../Engine/Content/Slate/Fonts/Roboto-Light.ttf' (167K)
[2021.02.12-13.18.54:351][  1]PIE: Warning: Constraint in '/Engine/Transient.World_0:PersistentLevel.Rope_C_0.PhysicsConstraint' attempting to create a joint between objects that are both static.  No joint created.
[2021.02.12-13.21.49:131][758]LogEditorViewport: Clicking on Actor (LMB): StaticMeshActor (Cube4)
[2021.02.12-13.21.50:165][816]Cmd: DELETE
[2021.02.12-13.21.50:166][816]Cmd: ACTOR DELETE
[2021.02.12-13.21.50:169][816]LogEditorActor: Deleted Actor: StaticMeshActor
[2021.02.12-13.21.50:193][816]LogUObjectHash: Compacting FUObjectHashTables data took   0.59ms
[2021.02.12-13.21.50:193][816]LogEditorActor: Deleted 1 Actors (0.027 secs)
[2021.02.12-13.22.02:093][530]LogEditorViewport: Clicking on Actor (LMB): Rope_C (Rope2)
[2021.02.12-13.22.04:517][674]LogEditorViewport: Clicking on Actor (LMB): BP_Sky_Sphere_C (BP_Sky_Sphere)
[2021.02.12-13.22.12:785][ 92]LogSlate: FSceneViewport::OnFocusLost() reason 0
[2021.02.12-13.22.13:105][111]LogSlate: Took 0.002630 seconds to synchronously load lazily loaded font '../../../Engine/Content/Slate/Fonts/Roboto-Light.ttf' (167K)
[2021.02.12-13.22.13:113][111]LogAssetEditorManager: Opening Asset editor for Blueprint /Game/BP/character.character
[2021.02.12-13.22.13:340][111]LogContentBrowser: Native class hierarchy updated for 'BlueprintGraph' in 0.0006 seconds. Added 121 classes and 0 folders.
[2021.02.12-13.22.14:169][111]LogSlate: Took 0.009429 seconds to synchronously load lazily loaded font '../../../Engine/Content/Slate/Fonts/Roboto-BoldCondensed.ttf' (158K)
[2021.02.12-13.22.14:491][112]LogSlate: Took 0.004334 seconds to synchronously load lazily loaded font '../../../Engine/Content/Slate/Fonts/Roboto-Italic.ttf' (157K)
[2021.02.12-13.34.44:808][856]Cmd: OBJ SAVEPACKAGE PACKAGE="/Game/BP/character" FILE="../../../../../../../Ecole/ICAN/5eme Annee/Prog/MyProject/Content/BP/character.uasset" SILENT=true
[2021.02.12-13.34.45:109][856]LogSavePackage: Moving '../../../../../../../Ecole/ICAN/5eme Annee/Prog/MyProject/Saved/character48067F6C4F331262E57022BD4F134D65.tmp' to '../../../../../../../Ecole/ICAN/5eme Annee/Prog/MyProject/Content/BP/character.uasset'
[2021.02.12-13.34.46:545][942]BlueprintLog: New page: Compile character
[2021.02.12-13.34.46:731][942]LogUObjectHash: Compacting FUObjectHashTables data took   3.03ms
[2021.02.12-13.37.47:209][781]LogSlate: Window 'Delete Variable' being destroyed
[2021.02.12-13.38.26:019][209]LogUObjectHash: Compacting FUObjectHashTables data took   2.68ms
[2021.02.12-13.38.26:189][209]LogSavePackage: Moving '../../../../../../../Ecole/ICAN/5eme Annee/Prog/MyProject/Saved/Minimal_Default_Auto1E09421EA440D2DD3CA8817991011A6A9.tmp' to '../../../../../../../Ecole/ICAN/5eme Annee/Prog/MyProject/Saved/Autosaves/Game/StarterContent/Maps/Minimal_Default_Auto1.umap'
[2021.02.12-13.38.26:192][209]LogFileHelpers: Editor autosave (incl. sublevels) for '/Game/StarterContent/Maps/Minimal_Default' took 0.207
[2021.02.12-13.38.26:192][209]LogFileHelpers: Editor autosave (incl. sublevels) for all levels took 0.207
[2021.02.12-13.38.26:194][209]OBJ SavePackage: Generating thumbnails for [0] asset(s) in package [/Game/BP/character] ([1] browsable assets)...
[2021.02.12-13.38.26:194][209]OBJ SavePackage: Finished generating thumbnails for package [/Game/BP/character]
[2021.02.12-13.38.26:194][209]Cmd: OBJ SAVEPACKAGE PACKAGE="/Game/BP/character" FILE="../../../../../../../Ecole/ICAN/5eme Annee/Prog/MyProject/Saved/Autosaves/Game/BP/character_Auto1.uasset" SILENT=false AUTOSAVING=true
[2021.02.12-13.38.26:462][209]LogSavePackage: Moving '../../../../../../../Ecole/ICAN/5eme Annee/Prog/MyProject/Saved/character_Auto184261E59416B34FEFD09C8B46B05C35B.tmp' to '../../../../../../../Ecole/ICAN/5eme Annee/Prog/MyProject/Saved/Autosaves/Game/BP/character_Auto1.uasset'
[2021.02.12-13.38.26:463][209]LogFileHelpers: Auto-saving content packages took 0.269
[2021.02.12-13.42.40:845][557]LogUProjectInfo: Found projects:
[2021.02.12-13.42.43:061][689]LogSlate: Window 'Open Project' being destroyed
