Log file open, 02/11/21 09:11:23
LogWindows: Failed to load 'aqProf.dll' (GetLastError=126)
LogWindows: File 'aqProf.dll' does not exist
LogWindows: Failed to load 'VtuneApi.dll' (GetLastError=126)
LogWindows: File 'VtuneApi.dll' does not exist
LogWindows: Failed to load 'VtuneApi32e.dll' (GetLastError=126)
LogWindows: File 'VtuneApi32e.dll' does not exist
LogConsoleResponse: Display: Failed to find resolution value strings in scalability ini. Falling back to default.
LogInit: Display: Running engine for game: MyProject
LogPakFile: Registered encryption key '00000000000000000000000000000000': 0 pak files mounted, 0 remain pending
LogPlatformFile: Not using cached read wrapper
LogTaskGraph: Started task graph with 5 named threads and 35 total threads with 3 sets of task threads.
LogStats: Stats thread started at 0.566611
LogD3D11RHI: Loaded GFSDK_Aftermath_Lib.x64.dll
LogICUInternationalization: ICU TimeZone Detection - Raw Offset: +1:00, Platform Override: ''
LogPluginManager: Mounting plugin Paper2D
LogPluginManager: Mounting plugin AISupport
LogPluginManager: Mounting plugin LightPropagationVolume
LogPluginManager: Mounting plugin ActorLayerUtilities
LogPluginManager: Mounting plugin AnimationSharing
LogPluginManager: Mounting plugin CLionSourceCodeAccess
LogPluginManager: Mounting plugin CodeLiteSourceCodeAccess
LogPluginManager: Mounting plugin GitSourceControl
LogPluginManager: Mounting plugin KDevelopSourceCodeAccess
LogPluginManager: Mounting plugin NullSourceCodeAccess
LogPluginManager: Mounting plugin PerforceSourceControl
LogPluginManager: Mounting plugin SubversionSourceControl
LogPluginManager: Mounting plugin UObjectPlugin
LogPluginManager: Mounting plugin VisualStudioCodeSourceCodeAccess
LogPluginManager: Mounting plugin VisualStudioSourceCodeAccess
LogPluginManager: Mounting plugin XCodeSourceCodeAccess
LogPluginManager: Mounting plugin AssetManagerEditor
LogPluginManager: Mounting plugin CryptoKeys
LogPluginManager: Mounting plugin DataValidation
LogPluginManager: Mounting plugin FacialAnimation
LogPluginManager: Mounting plugin GameplayTagsEditor
LogPluginManager: Mounting plugin MacGraphicsSwitching
LogPluginManager: Mounting plugin MaterialAnalyzer
LogPluginManager: Mounting plugin MobileLauncherProfileWizard
LogPluginManager: Mounting plugin PluginBrowser
LogPluginManager: Mounting plugin SpeedTreeImporter
LogPluginManager: Mounting plugin DatasmithContent
LogPluginManager: Mounting plugin VariantManagerContent
LogPluginManager: Mounting plugin AlembicImporter
LogPluginManager: Mounting plugin AppleImageUtils
LogPluginManager: Mounting plugin AppleVision
LogPluginManager: Mounting plugin BackChannel
LogPluginManager: Mounting plugin CharacterAI
LogPluginManager: Mounting plugin GeometryCache
LogPluginManager: Mounting plugin HTML5Networking
LogPluginManager: Mounting plugin ProxyLODPlugin
LogPluginManager: Mounting plugin SkeletalReduction
LogPluginManager: Mounting plugin MagicLeap
LogPluginManager: Mounting plugin MagicLeapMedia
LogPluginManager: Mounting plugin AndroidMedia
LogPluginManager: Mounting plugin AvfMedia
LogPluginManager: Mounting plugin ImgMedia
LogPluginManager: Mounting plugin LinearTimecode
LogPluginManager: Mounting plugin MediaCompositing
LogPluginManager: Mounting plugin MediaPlayerEditor
LogPluginManager: Mounting plugin WebMMedia
LogPluginManager: Mounting plugin WmfMedia
LogPluginManager: Mounting plugin TcpMessaging
LogPluginManager: Mounting plugin UdpMessaging
LogPluginManager: Mounting plugin ActorSequence
LogPluginManager: Mounting plugin LevelSequenceEditor
LogPluginManager: Mounting plugin MatineeToLevelSequence
LogPluginManager: Mounting plugin NetcodeUnitTest
LogPluginManager: Mounting plugin NUTUnrealEngine4
LogPluginManager: Mounting plugin OnlineSubsystemGooglePlay
LogPluginManager: Mounting plugin OnlineSubsystemIOS
LogPluginManager: Mounting plugin OnlineSubsystem
LogPluginManager: Mounting plugin OnlineSubsystemNull
LogPluginManager: Mounting plugin OnlineSubsystemUtils
LogPluginManager: Mounting plugin LauncherChunkInstaller
LogPluginManager: Mounting plugin AndroidDeviceProfileSelector
LogPluginManager: Mounting plugin AndroidMoviePlayer
LogPluginManager: Mounting plugin AndroidPermission
LogPluginManager: Mounting plugin AppleMoviePlayer
LogPluginManager: Mounting plugin ArchVisCharacter
LogPluginManager: Mounting plugin AudioCapture
LogPluginManager: Mounting plugin CableComponent
LogPluginManager: Mounting plugin CustomMeshComponent
LogPluginManager: Mounting plugin EditableMesh
LogPluginManager: Mounting plugin ExampleDeviceProfileSelector
LogPluginManager: Mounting plugin Firebase
LogPluginManager: Mounting plugin GoogleCloudMessaging
LogPluginManager: Mounting plugin IOSDeviceProfileSelector
LogPluginManager: Mounting plugin LinuxDeviceProfileSelector
LogPluginManager: Mounting plugin LocationServicesBPLibrary
LogPluginManager: Mounting plugin MobilePatchingUtils
LogPluginManager: Mounting plugin OculusVR
LogPluginManager: Mounting plugin PhysXVehicles
LogPluginManager: Mounting plugin ProceduralMeshComponent
LogPluginManager: Mounting plugin RuntimePhysXCooking
LogPluginManager: Mounting plugin SignificanceManager
LogPluginManager: Mounting plugin SteamVR
LogPluginManager: Mounting plugin WebMMoviePlayer
LogPluginManager: Mounting plugin WindowsMoviePlayer
LogInit: Using libcurl 7.55.1-DEV
LogInit:  - built for x86_64-pc-win32
LogInit:  - supports SSL with OpenSSL/1.1.1
LogInit:  - supports HTTP deflate (compression) using libz 1.2.8
LogInit:  - other features:
LogInit:      CURL_VERSION_SSL
LogInit:      CURL_VERSION_LIBZ
LogInit:      CURL_VERSION_IPV6
LogInit:      CURL_VERSION_ASYNCHDNS
LogInit:      CURL_VERSION_LARGEFILE
LogInit:      CURL_VERSION_IDN
LogInit:  CurlRequestOptions (configurable via config and command line):
LogInit:  - bVerifyPeer = true  - Libcurl will verify peer certificate
LogInit:  - bUseHttpProxy = false  - Libcurl will NOT use HTTP proxy
LogInit:  - bDontReuseConnections = false  - Libcurl will reuse connections
LogInit:  - MaxHostConnections = 16  - Libcurl will limit the number of connections to a host
LogInit:  - LocalHostAddr = Default
LogInit:  - BufferSize = 65536
LogInit: WinSock: version 1.1 (2.2), MaxSocks=32767, MaxUdp=65467
LogInit: Build: ++UE4+Release-4.22-CL-7053642
LogInit: Engine Version: 4.22.3-7053642+++UE4+Release-4.22
LogInit: Compatible Engine Version: 4.22.0-5660361+++UE4+Release-4.22
LogInit: Net CL: 5660361
LogInit: OS: Windows 10 (Release 2004) (), CPU: Intel(R) Core(TM) i7-9750H CPU @ 2.60GHz, GPU: Intel(R) UHD Graphics 630
LogInit: Compiled (64-bit): Jun 18 2019 03:09:11
LogInit: Compiled with Visual C++: 19.16.27025.01
LogInit: Build Configuration: Development
LogInit: Branch Name: ++UE4+Release-4.22
LogInit: Command Line: 
LogInit: Base Directory: D:/Travail/Programmes/Unreal/UE_4.22/Engine/Binaries/Win64/
LogInit: Installed Engine Build: 1
LogDevObjectVersion: Number of dev versions registered: 23
LogDevObjectVersion:   Dev-Blueprints (B0D832E4-1F89-4F0D-ACCF-7EB736FD4AA2): 10
LogDevObjectVersion:   Dev-Build (E1C64328-A22C-4D53-A36C-8E866417BD8C): 0
LogDevObjectVersion:   Dev-Core (375EC13C-06E4-48FB-B500-84F0262A717E): 3
LogDevObjectVersion:   Dev-Editor (E4B068ED-F494-42E9-A231-DA0B2E46BB41): 30
LogDevObjectVersion:   Dev-Framework (CFFC743F-43B0-4480-9391-14DF171D2073): 35
LogDevObjectVersion:   Dev-Mobile (B02B49B5-BB20-44E9-A304-32B752E40360): 2
LogDevObjectVersion:   Dev-Networking (A4E4105C-59A1-49B5-A7C5-40C4547EDFEE): 0
LogDevObjectVersion:   Dev-Online (39C831C9-5AE6-47DC-9A44-9C173E1C8E7C): 0
LogDevObjectVersion:   Dev-Physics (78F01B33-EBEA-4F98-B9B4-84EACCB95AA2): 0
LogDevObjectVersion:   Dev-Platform (6631380F-2D4D-43E0-8009-CF276956A95A): 0
LogDevObjectVersion:   Dev-Rendering (12F88B9F-8875-4AFC-A67C-D90C383ABD29): 28
LogDevObjectVersion:   Dev-Sequencer (7B5AE74C-D270-4C10-A958-57980B212A5A): 11
LogDevObjectVersion:   Dev-VR (D7296918-1DD6-4BDD-9DE2-64A83CC13884): 2
LogDevObjectVersion:   Dev-LoadTimes (C2A15278-BFE7-4AFE-6C17-90FF531DF755): 1
LogDevObjectVersion:   Private-Geometry (6EACA3D4-40EC-4CC1-B786-8BED09428FC5): 3
LogDevObjectVersion:   Dev-AnimPhys (29E575DD-E0A3-4627-9D10-D276232CDCEA): 17
LogDevObjectVersion:   Dev-Anim (AF43A65D-7FD3-4947-9873-3E8ED9C1BB05): 2
LogDevObjectVersion:   Dev-ReflectionCapture (6B266CEC-1EC7-4B8F-A30B-E4D90942FC07): 1
LogDevObjectVersion:   Dev-Automation (0DF73D61-A23F-47EA-B727-89E90C41499A): 1
LogDevObjectVersion:   FortniteMain (601D1886-AC64-4F84-AA16-D3DE0DEAC7D6): 25
LogDevObjectVersion:   Dev-Enterprise (9DFFBCD6-494F-0158-E221-12823C92A888): 6
LogDevObjectVersion:   Dev-Niagara (F2AED0AC-9AFE-416F-8664-AA7FFA26D6FC): 1
LogDevObjectVersion:   Dev-Destruction (174F1F0B-B4C6-45A5-B13F-2EE8D0FB917D): 2
LogInit: Presizing for max 16777216 objects, including 0 objects not considered by GC, pre-allocating 0 bytes for permanent pool.
LogInit: Object subsystem initialized
LogConfig: Setting CVar [[con.DebugEarlyDefault:1]]
LogConfig: Setting CVar [[r.setres:1280x720]]
[2021.02.11-08.11.24:820][  0]LogConfig: Setting CVar [[r.VSync:0]]
[2021.02.11-08.11.24:820][  0]LogConfig: Setting CVar [[r.RHICmdBypass:0]]
[2021.02.11-08.11.24:820][  0]LogConfig: Applying CVar settings from Section [/Script/Engine.RendererSettings] File [D:/Ecole/ICAN/5eme Annee/Prog/MyProject/Saved/Config/Windows/Engine.ini]
[2021.02.11-08.11.24:820][  0]LogConfig: Setting CVar [[r.GPUCrashDebugging:0]]
[2021.02.11-08.11.24:820][  0]LogConfig: Setting CVar [[r.DefaultFeature.AutoExposure.ExtendDefaultLuminanceRange:1]]
[2021.02.11-08.11.24:820][  0]LogConfig: Applying CVar settings from Section [/Script/Engine.RendererOverrideSettings] File [D:/Ecole/ICAN/5eme Annee/Prog/MyProject/Saved/Config/Windows/Engine.ini]
[2021.02.11-08.11.24:820][  0]LogConfig: Applying CVar settings from Section [/Script/Engine.StreamingSettings] File [D:/Ecole/ICAN/5eme Annee/Prog/MyProject/Saved/Config/Windows/Engine.ini]
[2021.02.11-08.11.24:820][  0]LogConfig: Setting CVar [[s.MinBulkDataSizeForAsyncLoading:131072]]
[2021.02.11-08.11.24:820][  0]LogConfig: Setting CVar [[s.AsyncLoadingThreadEnabled:0]]
[2021.02.11-08.11.24:820][  0]LogConfig: Setting CVar [[s.EventDrivenLoaderEnabled:1]]
[2021.02.11-08.11.24:820][  0]LogConfig: Setting CVar [[s.WarnIfTimeLimitExceeded:0]]
[2021.02.11-08.11.24:820][  0]LogConfig: Setting CVar [[s.TimeLimitExceededMultiplier:1.5]]
[2021.02.11-08.11.24:820][  0]LogConfig: Setting CVar [[s.TimeLimitExceededMinTime:0.005]]
[2021.02.11-08.11.24:820][  0]LogConfig: Setting CVar [[s.UseBackgroundLevelStreaming:1]]
[2021.02.11-08.11.24:820][  0]LogConfig: Setting CVar [[s.PriorityAsyncLoadingExtraTime:15.0]]
[2021.02.11-08.11.24:820][  0]LogConfig: Setting CVar [[s.LevelStreamingActorsUpdateTimeLimit:5.0]]
[2021.02.11-08.11.24:820][  0]LogConfig: Setting CVar [[s.PriorityLevelStreamingActorsUpdateExtraTime:5.0]]
[2021.02.11-08.11.24:820][  0]LogConfig: Setting CVar [[s.LevelStreamingComponentsRegistrationGranularity:10]]
[2021.02.11-08.11.24:820][  0]LogConfig: Setting CVar [[s.UnregisterComponentsTimeLimit:1.0]]
[2021.02.11-08.11.24:820][  0]LogConfig: Setting CVar [[s.LevelStreamingComponentsUnregistrationGranularity:5]]
[2021.02.11-08.11.24:820][  0]LogConfig: Applying CVar settings from Section [/Script/Engine.GarbageCollectionSettings] File [D:/Ecole/ICAN/5eme Annee/Prog/MyProject/Saved/Config/Windows/Engine.ini]
[2021.02.11-08.11.24:820][  0]LogConfig: Setting CVar [[gc.MaxObjectsNotConsideredByGC:1]]
[2021.02.11-08.11.24:820][  0]LogConfig: Setting CVar [[gc.SizeOfPermanentObjectPool:0]]
[2021.02.11-08.11.24:820][  0]LogConfig: Setting CVar [[gc.FlushStreamingOnGC:0]]
[2021.02.11-08.11.24:820][  0]LogConfig: Setting CVar [[gc.NumRetriesBeforeForcingGC:10]]
[2021.02.11-08.11.24:820][  0]LogConfig: Setting CVar [[gc.AllowParallelGC:1]]
[2021.02.11-08.11.24:820][  0]LogConfig: Setting CVar [[gc.TimeBetweenPurgingPendingKillObjects:61.1]]
[2021.02.11-08.11.24:820][  0]LogConfig: Setting CVar [[gc.MaxObjectsInEditor:16777216]]
[2021.02.11-08.11.24:820][  0]LogConfig: Setting CVar [[gc.IncrementalBeginDestroyEnabled:1]]
[2021.02.11-08.11.24:820][  0]LogConfig: Setting CVar [[gc.CreateGCClusters:1]]
[2021.02.11-08.11.24:820][  0]LogConfig: Setting CVar [[gc.MinGCClusterSize:5]]
[2021.02.11-08.11.24:820][  0]LogConfig: Setting CVar [[gc.ActorClusteringEnabled:0]]
[2021.02.11-08.11.24:820][  0]LogConfig: Setting CVar [[gc.BlueprintClusteringEnabled:0]]
[2021.02.11-08.11.24:820][  0]LogConfig: Setting CVar [[gc.UseDisregardForGCOnDedicatedServers:0]]
[2021.02.11-08.11.24:820][  0]LogConfig: Applying CVar settings from Section [/Script/Engine.NetworkSettings] File [D:/Ecole/ICAN/5eme Annee/Prog/MyProject/Saved/Config/Windows/Engine.ini]
[2021.02.11-08.11.24:820][  0]LogConfig: Applying CVar settings from Section [/Script/UnrealEd.CookerSettings] File [D:/Ecole/ICAN/5eme Annee/Prog/MyProject/Saved/Config/Windows/Engine.ini]
[2021.02.11-08.11.24:823][  0]LogConfig: Applying CVar settings from Section [ViewDistanceQuality@3] File [D:/Ecole/ICAN/5eme Annee/Prog/MyProject/Saved/Config/Windows/Scalability.ini]
[2021.02.11-08.11.24:823][  0]LogConfig: Setting CVar [[r.SkeletalMeshLODBias:0]]
[2021.02.11-08.11.24:823][  0]LogConfig: Setting CVar [[r.ViewDistanceScale:1.0]]
[2021.02.11-08.11.24:823][  0]LogConfig: Applying CVar settings from Section [AntiAliasingQuality@3] File [D:/Ecole/ICAN/5eme Annee/Prog/MyProject/Saved/Config/Windows/Scalability.ini]
[2021.02.11-08.11.24:823][  0]LogConfig: Setting CVar [[r.PostProcessAAQuality:4]]
[2021.02.11-08.11.24:823][  0]LogConfig: Applying CVar settings from Section [ShadowQuality@3] File [D:/Ecole/ICAN/5eme Annee/Prog/MyProject/Saved/Config/Windows/Scalability.ini]
[2021.02.11-08.11.24:823][  0]LogConfig: Setting CVar [[r.LightFunctionQuality:1]]
[2021.02.11-08.11.24:823][  0]LogConfig: Setting CVar [[r.ShadowQuality:5]]
[2021.02.11-08.11.24:823][  0]LogConfig: Setting CVar [[r.Shadow.CSM.MaxCascades:10]]
[2021.02.11-08.11.24:823][  0]LogConfig: Setting CVar [[r.Shadow.MaxResolution:2048]]
[2021.02.11-08.11.24:823][  0]LogConfig: Setting CVar [[r.Shadow.MaxCSMResolution:2048]]
[2021.02.11-08.11.24:823][  0]LogConfig: Setting CVar [[r.Shadow.RadiusThreshold:0.01]]
[2021.02.11-08.11.24:823][  0]LogConfig: Setting CVar [[r.Shadow.DistanceScale:1.0]]
[2021.02.11-08.11.24:823][  0]LogConfig: Setting CVar [[r.Shadow.CSM.TransitionScale:1.0]]
[2021.02.11-08.11.24:823][  0]LogConfig: Setting CVar [[r.Shadow.PreShadowResolutionFactor:1.0]]
[2021.02.11-08.11.24:823][  0]LogConfig: Setting CVar [[r.DistanceFieldShadowing:1]]
[2021.02.11-08.11.24:823][  0]LogConfig: Setting CVar [[r.DistanceFieldAO:1]]
[2021.02.11-08.11.24:823][  0]LogConfig: Setting CVar [[r.AOQuality:2]]
[2021.02.11-08.11.24:823][  0]LogConfig: Setting CVar [[r.VolumetricFog:1]]
[2021.02.11-08.11.24:823][  0]LogConfig: Setting CVar [[r.VolumetricFog.GridPixelSize:8]]
[2021.02.11-08.11.24:823][  0]LogConfig: Setting CVar [[r.VolumetricFog.GridSizeZ:128]]
[2021.02.11-08.11.24:823][  0]LogConfig: Setting CVar [[r.VolumetricFog.HistoryMissSupersampleCount:4]]
[2021.02.11-08.11.24:823][  0]LogConfig: Setting CVar [[r.LightMaxDrawDistanceScale:1]]
[2021.02.11-08.11.24:823][  0]LogConfig: Setting CVar [[r.CapsuleShadows:1]]
[2021.02.11-08.11.24:823][  0]LogConfig: Applying CVar settings from Section [PostProcessQuality@3] File [D:/Ecole/ICAN/5eme Annee/Prog/MyProject/Saved/Config/Windows/Scalability.ini]
[2021.02.11-08.11.24:823][  0]LogConfig: Setting CVar [[r.MotionBlurQuality:4]]
[2021.02.11-08.11.24:823][  0]LogConfig: Setting CVar [[r.AmbientOcclusionMipLevelFactor:0.4]]
[2021.02.11-08.11.24:823][  0]LogConfig: Setting CVar [[r.AmbientOcclusionMaxQuality:100]]
[2021.02.11-08.11.24:823][  0]LogConfig: Setting CVar [[r.AmbientOcclusionLevels:-1]]
[2021.02.11-08.11.24:823][  0]LogConfig: Setting CVar [[r.AmbientOcclusionRadiusScale:1.0]]
[2021.02.11-08.11.24:823][  0]LogConfig: Setting CVar [[r.DepthOfFieldQuality:2]]
[2021.02.11-08.11.24:823][  0]LogConfig: Setting CVar [[r.RenderTargetPoolMin:400]]
[2021.02.11-08.11.24:823][  0]LogConfig: Setting CVar [[r.LensFlareQuality:2]]
[2021.02.11-08.11.24:823][  0]LogConfig: Setting CVar [[r.SceneColorFringeQuality:1]]
[2021.02.11-08.11.24:823][  0]LogConfig: Setting CVar [[r.EyeAdaptationQuality:2]]
[2021.02.11-08.11.24:823][  0]LogConfig: Setting CVar [[r.BloomQuality:5]]
[2021.02.11-08.11.24:823][  0]LogConfig: Setting CVar [[r.FastBlurThreshold:100]]
[2021.02.11-08.11.24:823][  0]LogConfig: Setting CVar [[r.Upscale.Quality:3]]
[2021.02.11-08.11.24:823][  0]LogConfig: Setting CVar [[r.Tonemapper.GrainQuantization:1]]
[2021.02.11-08.11.24:823][  0]LogConfig: Setting CVar [[r.LightShaftQuality:1]]
[2021.02.11-08.11.24:823][  0]LogConfig: Setting CVar [[r.Filter.SizeScale:1]]
[2021.02.11-08.11.24:823][  0]LogConfig: Setting CVar [[r.Tonemapper.Quality:5]]
[2021.02.11-08.11.24:823][  0]LogConfig: Setting CVar [[r.DOF.Gather.AccumulatorQuality:1        ; higher gathering accumulator quality]]
[2021.02.11-08.11.24:823][  0]LogConfig: Setting CVar [[r.DOF.Gather.PostfilterMethod:1          ; Median3x3 postfilering method]]
[2021.02.11-08.11.24:823][  0]LogConfig: Setting CVar [[r.DOF.Gather.EnableBokehSettings:0       ; no bokeh simulation when gathering]]
[2021.02.11-08.11.24:823][  0]LogConfig: Setting CVar [[r.DOF.Gather.RingCount:4                 ; medium number of samples when gathering]]
[2021.02.11-08.11.24:823][  0]LogConfig: Setting CVar [[r.DOF.Scatter.ForegroundCompositing:1    ; additive foreground scattering]]
[2021.02.11-08.11.24:823][  0]LogConfig: Setting CVar [[r.DOF.Scatter.BackgroundCompositing:2    ; additive background scattering]]
[2021.02.11-08.11.24:823][  0]LogConfig: Setting CVar [[r.DOF.Scatter.EnableBokehSettings:1      ; bokeh simulation when scattering]]
[2021.02.11-08.11.24:823][  0]LogConfig: Setting CVar [[r.DOF.Scatter.MaxSpriteRatio:0.1         ; only a maximum of 10% of scattered bokeh]]
[2021.02.11-08.11.24:823][  0]LogConfig: Setting CVar [[r.DOF.Recombine.Quality:1                ; cheap slight out of focus]]
[2021.02.11-08.11.24:823][  0]LogConfig: Setting CVar [[r.DOF.Recombine.EnableBokehSettings:0    ; no bokeh simulation on slight out of focus]]
[2021.02.11-08.11.24:823][  0]LogConfig: Setting CVar [[r.DOF.TemporalAAQuality:1                ; more stable temporal accumulation]]
[2021.02.11-08.11.24:823][  0]LogConfig: Setting CVar [[r.DOF.Kernel.MaxForegroundRadius:0.025]]
[2021.02.11-08.11.24:823][  0]LogConfig: Setting CVar [[r.DOF.Kernel.MaxBackgroundRadius:0.025]]
[2021.02.11-08.11.24:823][  0]LogConfig: Applying CVar settings from Section [TextureQuality@3] File [D:/Ecole/ICAN/5eme Annee/Prog/MyProject/Saved/Config/Windows/Scalability.ini]
[2021.02.11-08.11.24:823][  0]LogConfig: Setting CVar [[r.Streaming.MipBias:0]]
[2021.02.11-08.11.24:823][  0]LogConfig: Setting CVar [[r.Streaming.AmortizeCPUToGPUCopy:0]]
[2021.02.11-08.11.24:823][  0]LogConfig: Setting CVar [[r.Streaming.MaxNumTexturesToStreamPerFrame:0]]
[2021.02.11-08.11.24:823][  0]LogConfig: Setting CVar [[r.Streaming.Boost:1]]
[2021.02.11-08.11.24:823][  0]LogConfig: Setting CVar [[r.MaxAnisotropy:8]]
[2021.02.11-08.11.24:823][  0]LogConfig: Setting CVar [[r.Streaming.LimitPoolSizeToVRAM:0]]
[2021.02.11-08.11.24:823][  0]LogConfig: Setting CVar [[r.Streaming.PoolSize:1000]]
[2021.02.11-08.11.24:823][  0]LogConfig: Setting CVar [[r.Streaming.MaxEffectiveScreenSize:0]]
[2021.02.11-08.11.24:823][  0]LogConfig: Applying CVar settings from Section [EffectsQuality@3] File [D:/Ecole/ICAN/5eme Annee/Prog/MyProject/Saved/Config/Windows/Scalability.ini]
[2021.02.11-08.11.24:823][  0]LogConfig: Setting CVar [[r.TranslucencyLightingVolumeDim:64]]
[2021.02.11-08.11.24:823][  0]LogConfig: Setting CVar [[r.RefractionQuality:2]]
[2021.02.11-08.11.24:823][  0]LogConfig: Setting CVar [[r.SSR.Quality:3]]
[2021.02.11-08.11.24:823][  0]LogConfig: Setting CVar [[r.SceneColorFormat:4]]
[2021.02.11-08.11.24:823][  0]LogConfig: Setting CVar [[r.DetailMode:2]]
[2021.02.11-08.11.24:823][  0]LogConfig: Setting CVar [[r.TranslucencyVolumeBlur:1]]
[2021.02.11-08.11.24:823][  0]LogConfig: Setting CVar [[r.MaterialQualityLevel:1 ; High quality]]
[2021.02.11-08.11.24:823][  0]LogConfig: Setting CVar [[r.SSS.Scale:1]]
[2021.02.11-08.11.24:823][  0]LogConfig: Setting CVar [[r.SSS.SampleSet:2]]
[2021.02.11-08.11.24:823][  0]LogConfig: Setting CVar [[r.SSS.Quality:1]]
[2021.02.11-08.11.24:823][  0]LogConfig: Setting CVar [[r.SSS.HalfRes:1]]
[2021.02.11-08.11.24:823][  0]LogConfig: Setting CVar [[r.EmitterSpawnRateScale:1.0]]
[2021.02.11-08.11.24:823][  0]LogConfig: Setting CVar [[r.ParticleLightQuality:2]]
[2021.02.11-08.11.24:824][  0]LogConfig: Applying CVar settings from Section [FoliageQuality@3] File [D:/Ecole/ICAN/5eme Annee/Prog/MyProject/Saved/Config/Windows/Scalability.ini]
[2021.02.11-08.11.24:824][  0]LogConfig: Setting CVar [[foliage.DensityScale:1.0]]
[2021.02.11-08.11.24:824][  0]LogConfig: Setting CVar [[grass.DensityScale:1.0]]
[2021.02.11-08.11.24:824][  0]LogInit: Selected Device Profile: [Windows]
[2021.02.11-08.11.24:824][  0]LogInit: Applying CVar settings loaded from the selected device profile: [Windows]
[2021.02.11-08.11.24:841][  0]LogHAL: Display: Platform has ~ 16 GB [17011298304 / 17179869184 / 16], which maps to Larger [LargestMinGB=32, LargerMinGB=12, DefaultMinGB=8, SmallerMinGB=6, SmallestMinGB=0)
[2021.02.11-08.11.24:841][  0]LogConfig: Setting CVar [[r.Vulkan.UseRealUBs:0		; Required until we fix HLR fall-out]]
[2021.02.11-08.11.24:841][  0]LogInit: Going up to parent DeviceProfile []
[2021.02.11-08.11.24:841][  0]LogConfig: Applying CVar settings from Section [ViewDistanceQuality@3] File [D:/Ecole/ICAN/5eme Annee/Prog/MyProject/Saved/Config/Windows/Scalability.ini]
[2021.02.11-08.11.24:841][  0]LogConfig: Setting CVar [[r.SkeletalMeshLODBias:0]]
[2021.02.11-08.11.24:841][  0]LogConfig: Setting CVar [[r.ViewDistanceScale:1.0]]
[2021.02.11-08.11.24:841][  0]LogConfig: Applying CVar settings from Section [AntiAliasingQuality@3] File [D:/Ecole/ICAN/5eme Annee/Prog/MyProject/Saved/Config/Windows/Scalability.ini]
[2021.02.11-08.11.24:841][  0]LogConfig: Setting CVar [[r.PostProcessAAQuality:4]]
[2021.02.11-08.11.24:841][  0]LogConfig: Applying CVar settings from Section [ShadowQuality@3] File [D:/Ecole/ICAN/5eme Annee/Prog/MyProject/Saved/Config/Windows/Scalability.ini]
[2021.02.11-08.11.24:841][  0]LogConfig: Setting CVar [[r.LightFunctionQuality:1]]
[2021.02.11-08.11.24:841][  0]LogConfig: Setting CVar [[r.ShadowQuality:5]]
[2021.02.11-08.11.24:841][  0]LogConfig: Setting CVar [[r.Shadow.CSM.MaxCascades:10]]
[2021.02.11-08.11.24:841][  0]LogConfig: Setting CVar [[r.Shadow.MaxResolution:2048]]
[2021.02.11-08.11.24:841][  0]LogConfig: Setting CVar [[r.Shadow.MaxCSMResolution:2048]]
[2021.02.11-08.11.24:841][  0]LogConfig: Setting CVar [[r.Shadow.RadiusThreshold:0.01]]
[2021.02.11-08.11.24:841][  0]LogConfig: Setting CVar [[r.Shadow.DistanceScale:1.0]]
[2021.02.11-08.11.24:841][  0]LogConfig: Setting CVar [[r.Shadow.CSM.TransitionScale:1.0]]
[2021.02.11-08.11.24:841][  0]LogConfig: Setting CVar [[r.Shadow.PreShadowResolutionFactor:1.0]]
[2021.02.11-08.11.24:841][  0]LogConfig: Setting CVar [[r.DistanceFieldShadowing:1]]
[2021.02.11-08.11.24:841][  0]LogConfig: Setting CVar [[r.DistanceFieldAO:1]]
[2021.02.11-08.11.24:841][  0]LogConfig: Setting CVar [[r.AOQuality:2]]
[2021.02.11-08.11.24:841][  0]LogConfig: Setting CVar [[r.VolumetricFog:1]]
[2021.02.11-08.11.24:841][  0]LogConfig: Setting CVar [[r.VolumetricFog.GridPixelSize:8]]
[2021.02.11-08.11.24:841][  0]LogConfig: Setting CVar [[r.VolumetricFog.GridSizeZ:128]]
[2021.02.11-08.11.24:841][  0]LogConfig: Setting CVar [[r.VolumetricFog.HistoryMissSupersampleCount:4]]
[2021.02.11-08.11.24:841][  0]LogConfig: Setting CVar [[r.LightMaxDrawDistanceScale:1]]
[2021.02.11-08.11.24:841][  0]LogConfig: Setting CVar [[r.CapsuleShadows:1]]
[2021.02.11-08.11.24:841][  0]LogConfig: Applying CVar settings from Section [PostProcessQuality@3] File [D:/Ecole/ICAN/5eme Annee/Prog/MyProject/Saved/Config/Windows/Scalability.ini]
[2021.02.11-08.11.24:841][  0]LogConfig: Setting CVar [[r.MotionBlurQuality:4]]
[2021.02.11-08.11.24:841][  0]LogConfig: Setting CVar [[r.AmbientOcclusionMipLevelFactor:0.4]]
[2021.02.11-08.11.24:841][  0]LogConfig: Setting CVar [[r.AmbientOcclusionMaxQuality:100]]
[2021.02.11-08.11.24:841][  0]LogConfig: Setting CVar [[r.AmbientOcclusionLevels:-1]]
[2021.02.11-08.11.24:841][  0]LogConfig: Setting CVar [[r.AmbientOcclusionRadiusScale:1.0]]
[2021.02.11-08.11.24:841][  0]LogConfig: Setting CVar [[r.DepthOfFieldQuality:2]]
[2021.02.11-08.11.24:841][  0]LogConfig: Setting CVar [[r.RenderTargetPoolMin:400]]
[2021.02.11-08.11.24:841][  0]LogConfig: Setting CVar [[r.LensFlareQuality:2]]
[2021.02.11-08.11.24:841][  0]LogConfig: Setting CVar [[r.SceneColorFringeQuality:1]]
[2021.02.11-08.11.24:841][  0]LogConfig: Setting CVar [[r.EyeAdaptationQuality:2]]
[2021.02.11-08.11.24:841][  0]LogConfig: Setting CVar [[r.BloomQuality:5]]
[2021.02.11-08.11.24:841][  0]LogConfig: Setting CVar [[r.FastBlurThreshold:100]]
[2021.02.11-08.11.24:841][  0]LogConfig: Setting CVar [[r.Upscale.Quality:3]]
[2021.02.11-08.11.24:841][  0]LogConfig: Setting CVar [[r.Tonemapper.GrainQuantization:1]]
[2021.02.11-08.11.24:841][  0]LogConfig: Setting CVar [[r.LightShaftQuality:1]]
[2021.02.11-08.11.24:841][  0]LogConfig: Setting CVar [[r.Filter.SizeScale:1]]
[2021.02.11-08.11.24:841][  0]LogConfig: Setting CVar [[r.Tonemapper.Quality:5]]
[2021.02.11-08.11.24:841][  0]LogConfig: Setting CVar [[r.DOF.Gather.AccumulatorQuality:1        ; higher gathering accumulator quality]]
[2021.02.11-08.11.24:841][  0]LogConfig: Setting CVar [[r.DOF.Gather.PostfilterMethod:1          ; Median3x3 postfilering method]]
[2021.02.11-08.11.24:841][  0]LogConfig: Setting CVar [[r.DOF.Gather.EnableBokehSettings:0       ; no bokeh simulation when gathering]]
[2021.02.11-08.11.24:841][  0]LogConfig: Setting CVar [[r.DOF.Gather.RingCount:4                 ; medium number of samples when gathering]]
[2021.02.11-08.11.24:841][  0]LogConfig: Setting CVar [[r.DOF.Scatter.ForegroundCompositing:1    ; additive foreground scattering]]
[2021.02.11-08.11.24:841][  0]LogConfig: Setting CVar [[r.DOF.Scatter.BackgroundCompositing:2    ; additive background scattering]]
[2021.02.11-08.11.24:841][  0]LogConfig: Setting CVar [[r.DOF.Scatter.EnableBokehSettings:1      ; bokeh simulation when scattering]]
[2021.02.11-08.11.24:841][  0]LogConfig: Setting CVar [[r.DOF.Scatter.MaxSpriteRatio:0.1         ; only a maximum of 10% of scattered bokeh]]
[2021.02.11-08.11.24:841][  0]LogConfig: Setting CVar [[r.DOF.Recombine.Quality:1                ; cheap slight out of focus]]
[2021.02.11-08.11.24:841][  0]LogConfig: Setting CVar [[r.DOF.Recombine.EnableBokehSettings:0    ; no bokeh simulation on slight out of focus]]
[2021.02.11-08.11.24:841][  0]LogConfig: Setting CVar [[r.DOF.TemporalAAQuality:1                ; more stable temporal accumulation]]
[2021.02.11-08.11.24:841][  0]LogConfig: Setting CVar [[r.DOF.Kernel.MaxForegroundRadius:0.025]]
[2021.02.11-08.11.24:841][  0]LogConfig: Setting CVar [[r.DOF.Kernel.MaxBackgroundRadius:0.025]]
[2021.02.11-08.11.24:841][  0]LogConfig: Applying CVar settings from Section [TextureQuality@3] File [D:/Ecole/ICAN/5eme Annee/Prog/MyProject/Saved/Config/Windows/Scalability.ini]
[2021.02.11-08.11.24:841][  0]LogConfig: Setting CVar [[r.Streaming.MipBias:0]]
[2021.02.11-08.11.24:841][  0]LogConfig: Setting CVar [[r.Streaming.AmortizeCPUToGPUCopy:0]]
[2021.02.11-08.11.24:841][  0]LogConfig: Setting CVar [[r.Streaming.MaxNumTexturesToStreamPerFrame:0]]
[2021.02.11-08.11.24:841][  0]LogConfig: Setting CVar [[r.Streaming.Boost:1]]
[2021.02.11-08.11.24:841][  0]LogConfig: Setting CVar [[r.MaxAnisotropy:8]]
[2021.02.11-08.11.24:841][  0]LogConfig: Setting CVar [[r.Streaming.LimitPoolSizeToVRAM:0]]
[2021.02.11-08.11.24:841][  0]LogConfig: Setting CVar [[r.Streaming.PoolSize:1000]]
[2021.02.11-08.11.24:841][  0]LogConfig: Setting CVar [[r.Streaming.MaxEffectiveScreenSize:0]]
[2021.02.11-08.11.24:841][  0]LogConfig: Applying CVar settings from Section [EffectsQuality@3] File [D:/Ecole/ICAN/5eme Annee/Prog/MyProject/Saved/Config/Windows/Scalability.ini]
[2021.02.11-08.11.24:841][  0]LogConfig: Setting CVar [[r.TranslucencyLightingVolumeDim:64]]
[2021.02.11-08.11.24:841][  0]LogConfig: Setting CVar [[r.RefractionQuality:2]]
[2021.02.11-08.11.24:841][  0]LogConfig: Setting CVar [[r.SSR.Quality:3]]
[2021.02.11-08.11.24:841][  0]LogConfig: Setting CVar [[r.SceneColorFormat:4]]
[2021.02.11-08.11.24:841][  0]LogConfig: Setting CVar [[r.DetailMode:2]]
[2021.02.11-08.11.24:841][  0]LogConfig: Setting CVar [[r.TranslucencyVolumeBlur:1]]
[2021.02.11-08.11.24:841][  0]LogConfig: Setting CVar [[r.MaterialQualityLevel:1 ; High quality]]
[2021.02.11-08.11.24:841][  0]LogConfig: Setting CVar [[r.SSS.Scale:1]]
[2021.02.11-08.11.24:841][  0]LogConfig: Setting CVar [[r.SSS.SampleSet:2]]
[2021.02.11-08.11.24:841][  0]LogConfig: Setting CVar [[r.SSS.Quality:1]]
[2021.02.11-08.11.24:841][  0]LogConfig: Setting CVar [[r.SSS.HalfRes:1]]
[2021.02.11-08.11.24:842][  0]LogConfig: Setting CVar [[r.EmitterSpawnRateScale:1.0]]
[2021.02.11-08.11.24:842][  0]LogConfig: Setting CVar [[r.ParticleLightQuality:2]]
[2021.02.11-08.11.24:842][  0]LogConfig: Applying CVar settings from Section [FoliageQuality@3] File [D:/Ecole/ICAN/5eme Annee/Prog/MyProject/Saved/Config/Windows/Scalability.ini]
[2021.02.11-08.11.24:842][  0]LogConfig: Setting CVar [[foliage.DensityScale:1.0]]
[2021.02.11-08.11.24:842][  0]LogConfig: Setting CVar [[grass.DensityScale:1.0]]
[2021.02.11-08.11.24:842][  0]LogConfig: Applying CVar settings from Section [Startup] File [../../../Engine/Config/ConsoleVariables.ini]
[2021.02.11-08.11.24:842][  0]LogConfig: Setting CVar [[net.UseAdaptiveNetUpdateFrequency:0]]
[2021.02.11-08.11.24:842][  0]LogConfig: Setting CVar [[p.chaos.AllowCreatePhysxBodies:1]]
[2021.02.11-08.11.24:842][  0]LogConfig: Applying CVar settings from Section [ConsoleVariables] File [D:/Ecole/ICAN/5eme Annee/Prog/MyProject/Saved/Config/Windows/Engine.ini]
[2021.02.11-08.11.24:842][  0]LogInit: Computer: LAPTOP-G4FBN92F
[2021.02.11-08.11.24:842][  0]LogInit: User: julie
[2021.02.11-08.11.24:842][  0]LogInit: CPU Page size=4096, Cores=6
[2021.02.11-08.11.24:842][  0]LogInit: High frequency timer resolution =10.000000 MHz
[2021.02.11-08.11.24:842][  0]LogMemory: Memory total: Physical=15.8GB (16GB approx)
[2021.02.11-08.11.24:842][  0]LogMemory: Platform Memory Stats for Windows
[2021.02.11-08.11.24:842][  0]LogMemory: Process Physical Memory: 98.91 MB used, 98.92 MB peak
[2021.02.11-08.11.24:842][  0]LogMemory: Process Virtual Memory: 89.73 MB used, 89.73 MB peak
[2021.02.11-08.11.24:842][  0]LogMemory: Physical Memory: 10501.15 MB used,  5722.09 MB free, 16223.24 MB total
[2021.02.11-08.11.24:842][  0]LogMemory: Virtual Memory: 4660.83 MB used,  134213064.00 MB free, 134217728.00 MB total
[2021.02.11-08.11.24:861][  0]LogInit: Using OS detected language (fr-FR).
[2021.02.11-08.11.24:861][  0]LogInit: Using OS detected locale (fr-FR).
[2021.02.11-08.11.24:861][  0]LogTextLocalizationManager: No specific localization for 'fr-FR' exists, so the 'fr' localization will be used.
[2021.02.11-08.11.24:861][  0]LogTextLocalizationResource: LocRes '../../../Engine/Content/Localization/Editor/fr/Editor.locres' could not be opened for reading!
[2021.02.11-08.11.24:861][  0]LogTextLocalizationResource: LocRes '../../../Engine/Content/Localization/EditorTutorials/fr/EditorTutorials.locres' could not be opened for reading!
[2021.02.11-08.11.24:861][  0]LogTextLocalizationResource: LocRes '../../../Engine/Content/Localization/Keywords/fr/Keywords.locres' could not be opened for reading!
[2021.02.11-08.11.24:862][  0]LogTextLocalizationResource: LocRes '../../../Engine/Content/Localization/Category/fr/Category.locres' could not be opened for reading!
[2021.02.11-08.11.24:862][  0]LogTextLocalizationResource: LocRes '../../../Engine/Content/Localization/ToolTips/fr/ToolTips.locres' could not be opened for reading!
[2021.02.11-08.11.24:862][  0]LogTextLocalizationResource: LocRes '../../../Engine/Content/Localization/PropertyNames/fr/PropertyNames.locres' could not be opened for reading!
[2021.02.11-08.11.24:862][  0]LogTextLocalizationResource: LocRes '../../../Engine/Content/Localization/Engine/fr/Engine.locres' could not be opened for reading!
[2021.02.11-08.11.24:862][  0]LogInit: Setting process to per monitor DPI aware
[2021.02.11-08.11.24:886][  0]LogSlate: New Slate User Created.  User Index 0, Is Virtual User: 0
[2021.02.11-08.11.24:886][  0]LogSlate: Slate User Registered.  User Index 0, Is Virtual User: 0
[2021.02.11-08.11.25:086][  0]LogHMD: Failed to initialize OpenVR with code 110
[2021.02.11-08.11.25:086][  0]LogD3D11RHI: D3D11 adapters:
[2021.02.11-08.11.25:180][  0]LogD3D11RHI:    0. 'NVIDIA GeForce RTX 2060' (Feature Level 11_0)
[2021.02.11-08.11.25:180][  0]LogD3D11RHI:       5980/0/8111 MB DedicatedVideo/DedicatedSystem/SharedSystem, Outputs:1, VendorId:0x10de
[2021.02.11-08.11.25:197][  0]LogD3D11RHI:    1. 'Intel(R) UHD Graphics 630' (Feature Level 11_0)
[2021.02.11-08.11.25:197][  0]LogD3D11RHI:       128/0/8111 MB DedicatedVideo/DedicatedSystem/SharedSystem, Outputs:0, VendorId:0x8086
[2021.02.11-08.11.25:199][  0]LogD3D11RHI:    2. 'Microsoft Basic Render Driver' (Feature Level 11_0)
[2021.02.11-08.11.25:199][  0]LogD3D11RHI:       0/0/8111 MB DedicatedVideo/DedicatedSystem/SharedSystem, Outputs:0, VendorId:0x1414
[2021.02.11-08.11.25:199][  0]LogD3D11RHI: Chosen D3D11 Adapter: 0
[2021.02.11-08.11.25:236][  0]LogD3D11RHI: Creating new Direct3DDevice
[2021.02.11-08.11.25:237][  0]LogD3D11RHI:     GPU DeviceId: 0x1f11 (for the marketing name, search the web for "GPU Device Id")
[2021.02.11-08.11.25:237][  0]LogWindows: EnumDisplayDevices:
[2021.02.11-08.11.25:237][  0]LogWindows:    0. 'Intel(R) UHD Graphics 630' (P:1 D:1)
[2021.02.11-08.11.25:237][  0]LogWindows:    1. 'Intel(R) UHD Graphics 630' (P:0 D:0)
[2021.02.11-08.11.25:237][  0]LogWindows:    2. 'Intel(R) UHD Graphics 630' (P:0 D:0)
[2021.02.11-08.11.25:237][  0]LogWindows:    3. 'NVIDIA GeForce RTX 2060' (P:0 D:0)
[2021.02.11-08.11.25:238][  0]LogWindows:    4. 'NVIDIA GeForce RTX 2060' (P:0 D:0)
[2021.02.11-08.11.25:238][  0]LogWindows:    5. 'NVIDIA GeForce RTX 2060' (P:0 D:0)
[2021.02.11-08.11.25:238][  0]LogWindows:    6. 'NVIDIA GeForce RTX 2060' (P:0 D:0)
[2021.02.11-08.11.25:238][  0]LogWindows: DebugString: PrimaryIsNotTheChoosenAdapter PrimaryIsNotTheChoosenAdapter PrimaryIsNotTheChoosenAdapter FoundDriverCount:4 
[2021.02.11-08.11.25:238][  0]LogD3D11RHI:     Adapter Name: NVIDIA GeForce RTX 2060
[2021.02.11-08.11.25:238][  0]LogD3D11RHI:   Driver Version: 441.37 (internal:26.21.14.4137, unified:441.37)
[2021.02.11-08.11.25:238][  0]LogD3D11RHI:      Driver Date: 11-18-2019
[2021.02.11-08.11.25:238][  0]LogRHI: Texture pool is 4186 MB (70% of 5980 MB)
[2021.02.11-08.11.25:304][  0]LogD3D11RHI: Async texture creation enabled
[2021.02.11-08.11.25:316][  0]LogRendererCore: FGlobalReadBuffer::InitRHI
[2021.02.11-08.11.25:316][  0]LogRendererCore: FGlobalReadBuffer::InitRHI
[2021.02.11-08.11.25:316][  0]LogRendererCore: FGlobalReadBuffer::InitRHI
[2021.02.11-08.11.25:323][  0]LogD3D11RHI: GPU Timing Frequency: 1000.000000 (Debug: 2 1)
[2021.02.11-08.11.25:600][  0]LogTemp: Display: Module 'AllDesktopTargetPlatform' loaded TargetPlatform 'AllDesktop'
[2021.02.11-08.11.25:612][  0]LogTemp: Display: Module 'MacClientTargetPlatform' loaded TargetPlatform 'MacClient'
[2021.02.11-08.11.25:623][  0]LogTemp: Display: Module 'MacNoEditorTargetPlatform' loaded TargetPlatform 'MacNoEditor'
[2021.02.11-08.11.25:635][  0]LogTemp: Display: Module 'MacServerTargetPlatform' loaded TargetPlatform 'MacServer'
[2021.02.11-08.11.25:646][  0]LogTemp: Display: Module 'MacTargetPlatform' loaded TargetPlatform 'Mac'
[2021.02.11-08.11.25:658][  0]LogTemp: Display: Module 'WindowsClientTargetPlatform' loaded TargetPlatform 'WindowsClient'
[2021.02.11-08.11.25:670][  0]LogTemp: Display: Module 'WindowsNoEditorTargetPlatform' loaded TargetPlatform 'WindowsNoEditor'
[2021.02.11-08.11.25:681][  0]LogTemp: Display: Module 'WindowsServerTargetPlatform' loaded TargetPlatform 'WindowsServer'
[2021.02.11-08.11.25:686][  0]LogTemp: Display: Module 'WindowsTargetPlatform' loaded TargetPlatform 'Windows'
[2021.02.11-08.11.25:751][  0]LogTemp: Display: Module 'AndroidTargetPlatform' loaded TargetPlatform 'Android'
[2021.02.11-08.11.25:751][  0]LogTemp: Display: Module 'AndroidTargetPlatform' loaded TargetPlatform 'Android_ASTC'
[2021.02.11-08.11.25:751][  0]LogTemp: Display: Module 'AndroidTargetPlatform' loaded TargetPlatform 'Android_ATC'
[2021.02.11-08.11.25:752][  0]LogTemp: Display: Module 'AndroidTargetPlatform' loaded TargetPlatform 'Android_DXT'
[2021.02.11-08.11.25:752][  0]LogTemp: Display: Module 'AndroidTargetPlatform' loaded TargetPlatform 'Android_ETC1'
[2021.02.11-08.11.25:752][  0]LogTemp: Display: Module 'AndroidTargetPlatform' loaded TargetPlatform 'Android_ETC1a'
[2021.02.11-08.11.25:752][  0]LogTemp: Display: Module 'AndroidTargetPlatform' loaded TargetPlatform 'Android_ETC2'
[2021.02.11-08.11.25:752][  0]LogTemp: Display: Module 'AndroidTargetPlatform' loaded TargetPlatform 'Android_PVRTC'
[2021.02.11-08.11.25:752][  0]LogTemp: Display: Module 'AndroidTargetPlatform' loaded TargetPlatform 'AndroidClient'
[2021.02.11-08.11.25:752][  0]LogTemp: Display: Module 'AndroidTargetPlatform' loaded TargetPlatform 'Android_ASTCClient'
[2021.02.11-08.11.25:752][  0]LogTemp: Display: Module 'AndroidTargetPlatform' loaded TargetPlatform 'Android_ATCClient'
[2021.02.11-08.11.25:752][  0]LogTemp: Display: Module 'AndroidTargetPlatform' loaded TargetPlatform 'Android_DXTClient'
[2021.02.11-08.11.25:752][  0]LogTemp: Display: Module 'AndroidTargetPlatform' loaded TargetPlatform 'Android_ETC1Client'
[2021.02.11-08.11.25:752][  0]LogTemp: Display: Module 'AndroidTargetPlatform' loaded TargetPlatform 'Android_ETC1aClient'
[2021.02.11-08.11.25:752][  0]LogTemp: Display: Module 'AndroidTargetPlatform' loaded TargetPlatform 'Android_ETC2Client'
[2021.02.11-08.11.25:752][  0]LogTemp: Display: Module 'AndroidTargetPlatform' loaded TargetPlatform 'Android_PVRTCClient'
[2021.02.11-08.11.25:752][  0]LogTemp: Display: Module 'AndroidTargetPlatform' loaded TargetPlatform 'Android_Multi'
[2021.02.11-08.11.25:752][  0]LogTemp: Display: Module 'AndroidTargetPlatform' loaded TargetPlatform 'Android_MultiClient'
[2021.02.11-08.11.25:753][  0]LogTemp: Display: Module 'HTML5TargetPlatform' loaded TargetPlatform 'HTML5'
[2021.02.11-08.11.25:798][  0]LogTemp: Display: Module 'IOSTargetPlatform' loaded TargetPlatform 'IOSClient'
[2021.02.11-08.11.25:798][  0]LogTemp: Display: Module 'IOSTargetPlatform' loaded TargetPlatform 'IOS'
[2021.02.11-08.11.25:819][  0]LogTemp: Display: Module 'TVOSTargetPlatform' loaded TargetPlatform 'TVOSClient'
[2021.02.11-08.11.25:819][  0]LogTemp: Display: Module 'TVOSTargetPlatform' loaded TargetPlatform 'TVOS'
[2021.02.11-08.11.25:830][  0]LogTemp: Display: Module 'LinuxClientTargetPlatform' loaded TargetPlatform 'LinuxClient'
[2021.02.11-08.11.25:840][  0]LogTemp: Display: Module 'LinuxNoEditorTargetPlatform' loaded TargetPlatform 'LinuxNoEditor'
[2021.02.11-08.11.25:851][  0]LogTemp: Display: Module 'LinuxServerTargetPlatform' loaded TargetPlatform 'LinuxServer'
[2021.02.11-08.11.25:862][  0]LogTemp: Display: Module 'LinuxTargetPlatform' loaded TargetPlatform 'Linux'
[2021.02.11-08.11.25:898][  0]LogTemp: Display: Module 'LuminTargetPlatform' loaded TargetPlatform 'Lumin'
[2021.02.11-08.11.25:898][  0]LogTemp: Display: Module 'LuminTargetPlatform' loaded TargetPlatform 'LuminClient'
[2021.02.11-08.11.25:898][  0]LogTargetPlatformManager: Display: Building Assets For Windows
[2021.02.11-08.11.25:904][  0]LogAudioDebug: Display: Lib vorbis DLL was dynamically loaded.
[2021.02.11-08.11.25:937][  0]LogShaderCompilers: Guid format shader working directory is -12 characters bigger than the processId version (../../../../../../../Ecole/ICAN/5eme Annee/Prog/MyProject/Intermediate/Shaders/WorkingDirectory/13600/).
[2021.02.11-08.11.25:937][  0]LogShaderCompilers: Cleaned the shader compiler working directory 'C:/Users/julie/AppData/Local/Temp/UnrealShaderWorkingDir/39658D294690366BC5721C98F7135087/'.
[2021.02.11-08.11.25:938][  0]LogXGEController: Cannot use XGE Controller as Incredibuild is not installed on this machine.
[2021.02.11-08.11.25:938][  0]LogShaderCompilers: Cannot use XGE Shader Compiler as Incredibuild is not installed on this machine.
[2021.02.11-08.11.25:938][  0]LogShaderCompilers: Display: Using Local Shader Compiler.
[2021.02.11-08.11.26:451][  0]LogDerivedDataCache: Display: Max Cache Size: 512 MB
[2021.02.11-08.11.26:503][  0]LogDerivedDataCache: Loaded boot cache 0.05s 71MB C:/Users/julie/AppData/Local/UnrealEngine/4.22/DerivedDataCache/Boot.ddc.
[2021.02.11-08.11.26:503][  0]LogDerivedDataCache: Display: Loaded Boot cache: C:/Users/julie/AppData/Local/UnrealEngine/4.22/DerivedDataCache/Boot.ddc
[2021.02.11-08.11.26:503][  0]LogDerivedDataCache: FDerivedDataBackendGraph:  Pak pak cache file ../../../../../../../Ecole/ICAN/5eme Annee/Prog/MyProject/DerivedDataCache/DDC.ddp not found, will not use a pak cache.
[2021.02.11-08.11.26:503][  0]LogDerivedDataCache: Unable to find inner node Pak for hierarchical cache Hierarchy.
[2021.02.11-08.11.26:503][  0]LogDerivedDataCache: FDerivedDataBackendGraph:  CompressedPak pak cache file ../../../../../../../Ecole/ICAN/5eme Annee/Prog/MyProject/DerivedDataCache/Compressed.ddp not found, will not use a pak cache.
[2021.02.11-08.11.26:503][  0]LogDerivedDataCache: Unable to find inner node CompressedPak for hierarchical cache Hierarchy.
[2021.02.11-08.11.26:581][  0]LogDerivedDataCache: Display: Pak cache opened for reading ../../../Engine/DerivedDataCache/Compressed.ddp.
[2021.02.11-08.11.26:581][  0]LogDerivedDataCache: FDerivedDataBackendGraph:  EnterprisePak pak cache file ../../../Enterprise/DerivedDataCache/Compressed.ddp not found, will not use a pak cache.
[2021.02.11-08.11.26:581][  0]LogDerivedDataCache: Unable to find inner node EnterprisePak for hierarchical cache Hierarchy.
[2021.02.11-08.11.26:593][  0]LogDerivedDataCache: Using Local data cache path C:/Users/julie/AppData/Local/UnrealEngine/Common/DerivedDataCache: Writable
[2021.02.11-08.11.26:593][  0]LogDerivedDataCache: Shared data cache path not found in *engine.ini, will not use an Shared cache.
[2021.02.11-08.11.26:593][  0]LogDerivedDataCache: Unable to find inner node Shared for hierarchical cache Hierarchy.
[2021.02.11-08.11.26:612][  0]LogMaterial: Verifying Global Shaders for PCD3D_SM5
[2021.02.11-08.11.26:613][  0]LogSlate: Using FreeType 2.6.0
[2021.02.11-08.11.26:614][  0]LogSlate: SlateFontServices - WITH_FREETYPE: 1, WITH_HARFBUZZ: 1
[2021.02.11-08.11.26:696][  0]LogAssetRegistry: FAssetRegistry took 0.0322 seconds to start up
[2021.02.11-08.11.26:972][  0]LogInit: Selected Device Profile: [Windows]
[2021.02.11-08.11.27:082][  0]LogMeshReduction: Using QuadricMeshReduction for automatic static mesh reduction
[2021.02.11-08.11.27:082][  0]LogMeshReduction: Using SimplygonMeshReduction for automatic skeletal mesh reduction
[2021.02.11-08.11.27:082][  0]LogMeshReduction: Using ProxyLODMeshReduction for automatic mesh merging
[2021.02.11-08.11.27:082][  0]LogMeshReduction: No distributed automatic mesh merging module available
[2021.02.11-08.11.27:082][  0]LogMeshMerging: No distributed automatic mesh merging module available
[2021.02.11-08.11.27:094][  0]LogNetVersion: MyProject 1.0.0, NetCL: 5660361, EngineNetVer: 10, GameNetVer: 0 (Checksum: 2788865488)
[2021.02.11-08.11.28:205][  0]LogPackageLocalizationCache: Processed 10 localized package path(s) for 1 prioritized culture(s) in 0.798485 seconds
[2021.02.11-08.11.28:213][  0]LogUObjectArray: 42205 objects as part of root set at end of initial load.
[2021.02.11-08.11.28:213][  0]LogUObjectAllocator: 7325032 out of 0 bytes used by permanent object pool.
[2021.02.11-08.11.28:213][  0]LogUObjectArray: CloseDisregardForGC: 0/0 objects in disregard for GC pool
[2021.02.11-08.11.29:088][  0]LogTcpMessaging: Initializing TcpMessaging bridge
[2021.02.11-08.11.29:102][  0]LogUdpMessaging: Initializing bridge on interface 0.0.0.0:0 to multicast group 230.0.0.1:6666.
[2021.02.11-08.11.29:211][  0]SourceControl: Source control is disabled
[2021.02.11-08.11.29:211][  0]SourceControl: Source control is disabled
[2021.02.11-08.11.29:212][  0]SourceControl: Source control is disabled
[2021.02.11-08.11.29:213][  0]SourceControl: Source control is disabled
[2021.02.11-08.11.29:275][  0]LogAndroidPermission: UAndroidPermissionCallbackProxy::GetInstance
[2021.02.11-08.11.29:404][  0]LogOcInput: OculusInput pre-init called
[2021.02.11-08.11.30:051][  0]LogEngine: Initializing Engine...
[2021.02.11-08.11.30:052][  0]LogHMD: Failed to initialize OpenVR with code 110
[2021.02.11-08.11.30:053][  0]LogStats: UGameplayTagsManager::InitializeManager -  0.000 s
[2021.02.11-08.11.30:244][  0]LogInit: Initializing FReadOnlyCVARCache
[2021.02.11-08.11.30:257][  0]LogAIModule: Creating AISystem for world Untitled
[2021.02.11-08.11.30:305][  0]LogInit: XAudio2 using 'Casque pour téléphone (2- Corsair HS70 Wireless Gaming Headset)' : 2 channels at 48 kHz using 16 bits per sample (channel mask 0x3)
[2021.02.11-08.11.30:325][  0]LogInit: FAudioDevice initialized.
[2021.02.11-08.11.30:325][  0]LogNetVersion: Set ProjectVersion to 1.0.0.0. Version Checksum will be recalculated on next use.
[2021.02.11-08.11.30:376][  0]LogDerivedDataCache: Saved boot cache 0.05s 71MB C:/Users/julie/AppData/Local/UnrealEngine/4.22/DerivedDataCache/Boot.ddc.
[2021.02.11-08.11.30:383][  0]LogInit: Texture streaming: Enabled
[2021.02.11-08.11.30:399][  0]LogEngineSessionManager: EngineSessionManager initialized
[2021.02.11-08.11.30:941][  0]LogInit: Transaction tracking system initialized
[2021.02.11-08.11.30:957][  0]BlueprintLog: New page: Editor Load
[2021.02.11-08.11.31:027][  0]LocalizationService: Localization service is disabled
[2021.02.11-08.11.31:443][  0]LogFileCache: Scanning file cache for directory 'D:/Ecole/ICAN/5eme Annee/Prog/MyProject/Content/' took 0.01s
[2021.02.11-08.11.31:443][  0]LogCook: Display: Max memory allowance for cook 16384mb min free memory 0mb
[2021.02.11-08.11.31:443][  0]LogCook: Display: Mobile HDR setting 1
[2021.02.11-08.11.31:583][  0]SourceControl: Source control is disabled
[2021.02.11-08.11.31:583][  0]Cmd: MAP LOAD FILE="../../../../../../../Ecole/ICAN/5eme Annee/Prog/MyProject/Content/StarterContent/Maps/Minimal_Default.umap" TEMPLATE=0 SHOWPROGRESS=1 FEATURELEVEL=3
[2021.02.11-08.11.31:584][  0]LightingResults: New page: Lighting Build
[2021.02.11-08.11.31:585][  0]MapCheck: New page: Map Check
[2021.02.11-08.11.31:585][  0]LightingResults: New page: Lighting Build
[2021.02.11-08.11.31:610][  0]LogUObjectHash: Compacting FUObjectHashTables data took   1.38ms
[2021.02.11-08.11.33:203][  0]LogAIModule: Creating AISystem for world Minimal_Default
[2021.02.11-08.11.33:296][  0]LogEditorServer: Finished looking for orphan Actors (0.000 secs)
[2021.02.11-08.11.33:337][  0]LogUObjectHash: Compacting FUObjectHashTables data took   1.94ms
[2021.02.11-08.11.33:337][  0]Cmd: MAP CHECKDEP NOCLEARLOG
[2021.02.11-08.11.33:337][  0]MapCheck: Map check complete: 0 Error(s), 0 Warning(s), took 0,094ms to complete.
[2021.02.11-08.11.33:337][  0]LogFileHelpers: Loading map 'Minimal_Default' took 1.754
[2021.02.11-08.11.33:768][  0]LogSlate: Updating window title bar state: overlay mode, drag disabled, window buttons hidden, title bar hidden
[2021.02.11-08.11.33:775][  0]LogSlate: Updating window title bar state: overlay mode, drag disabled, window buttons hidden, title bar hidden
[2021.02.11-08.11.33:781][  0]LogSlate: Updating window title bar state: overlay mode, drag disabled, window buttons hidden, title bar hidden
[2021.02.11-08.11.33:788][  0]LogSlate: Updating window title bar state: overlay mode, drag disabled, window buttons hidden, title bar hidden
[2021.02.11-08.11.33:856][  0]LogCollectionManager: Loaded 0 collections in 0.000775 seconds
[2021.02.11-08.11.33:991][  0]LogFileCache: Scanning file cache for directory 'D:/Ecole/ICAN/5eme Annee/Prog/MyProject/Saved/Collections/' took 0.01s
[2021.02.11-08.11.33:991][  0]LogFileCache: Scanning file cache for directory 'D:/Ecole/ICAN/5eme Annee/Prog/MyProject/Content/Developers/julie/Collections/' took 0.00s
[2021.02.11-08.11.33:991][  0]LogFileCache: Scanning file cache for directory 'D:/Ecole/ICAN/5eme Annee/Prog/MyProject/Content/Collections/' took 0.01s
[2021.02.11-08.11.33:991][  0]LogCollectionManager: Rebuilt the GUID cache for 0 collections in 0.000000 seconds
[2021.02.11-08.11.34:005][  0]LogContentBrowser: Native class hierarchy populated in 0.0123 seconds. Added 2732 classes and 659 folders.
[2021.02.11-08.11.34:104][  0]LogContentBrowser: Native class hierarchy updated for 'WidgetCarousel' in 0.0005 seconds. Added 0 classes and 0 folders.
[2021.02.11-08.11.34:172][  0]LogPakFile: Registered encryption key '00000000000000000000000000000000': 0 pak files mounted, 0 remain pending
[2021.02.11-08.11.34:220][  0]LogPakFile: Registered encryption key '00000000000000000000000000000000': 0 pak files mounted, 0 remain pending
[2021.02.11-08.11.34:225][  0]LogPakFile: Registered encryption key '00000000000000000000000000000000': 0 pak files mounted, 0 remain pending
[2021.02.11-08.11.34:230][  0]LogPakFile: Registered encryption key '00000000000000000000000000000000': 0 pak files mounted, 0 remain pending
[2021.02.11-08.11.34:234][  0]LogPakFile: Registered encryption key '00000000000000000000000000000000': 0 pak files mounted, 0 remain pending
[2021.02.11-08.11.34:237][  0]LogPakFile: Registered encryption key '00000000000000000000000000000000': 0 pak files mounted, 0 remain pending
[2021.02.11-08.11.34:241][  0]LogPakFile: Registered encryption key '00000000000000000000000000000000': 0 pak files mounted, 0 remain pending
[2021.02.11-08.11.34:244][  0]LogPakFile: Registered encryption key '00000000000000000000000000000000': 0 pak files mounted, 0 remain pending
[2021.02.11-08.11.34:256][  0]LogPakFile: Registered encryption key '00000000000000000000000000000000': 0 pak files mounted, 0 remain pending
[2021.02.11-08.11.34:265][  0]LogPakFile: Registered encryption key '00000000000000000000000000000000': 0 pak files mounted, 0 remain pending
[2021.02.11-08.11.34:273][  0]LogPakFile: Registered encryption key '00000000000000000000000000000000': 0 pak files mounted, 0 remain pending
[2021.02.11-08.11.34:275][  0]LogPakFile: Registered encryption key '00000000000000000000000000000000': 0 pak files mounted, 0 remain pending
[2021.02.11-08.11.34:283][  0]LogPakFile: Registered encryption key '00000000000000000000000000000000': 0 pak files mounted, 0 remain pending
[2021.02.11-08.11.34:308][  0]LogPakFile: Registered encryption key '00000000000000000000000000000000': 0 pak files mounted, 0 remain pending
[2021.02.11-08.11.34:310][  0]LogPakFile: Registered encryption key '00000000000000000000000000000000': 0 pak files mounted, 0 remain pending
[2021.02.11-08.11.34:313][  0]LogPakFile: Registered encryption key '00000000000000000000000000000000': 0 pak files mounted, 0 remain pending
[2021.02.11-08.11.34:326][  0]LogPakFile: Registered encryption key '00000000000000000000000000000000': 0 pak files mounted, 0 remain pending
[2021.02.11-08.11.34:334][  0]LogPakFile: Registered encryption key '00000000000000000000000000000000': 0 pak files mounted, 0 remain pending
[2021.02.11-08.11.34:344][  0]LogPakFile: Registered encryption key '00000000000000000000000000000000': 0 pak files mounted, 0 remain pending
[2021.02.11-08.11.34:347][  0]LogPakFile: Registered encryption key '00000000000000000000000000000000': 0 pak files mounted, 0 remain pending
[2021.02.11-08.11.34:359][  0]LogPakFile: Registered encryption key '00000000000000000000000000000000': 0 pak files mounted, 0 remain pending
[2021.02.11-08.11.34:362][  0]LogPakFile: Registered encryption key '00000000000000000000000000000000': 0 pak files mounted, 0 remain pending
[2021.02.11-08.11.34:370][  0]LogPakFile: Registered encryption key '00000000000000000000000000000000': 0 pak files mounted, 0 remain pending
[2021.02.11-08.11.34:385][  0]LogPakFile: Registered encryption key '00000000000000000000000000000000': 0 pak files mounted, 0 remain pending
[2021.02.11-08.11.34:388][  0]LogPakFile: Registered encryption key '00000000000000000000000000000000': 0 pak files mounted, 0 remain pending
[2021.02.11-08.11.34:391][  0]LogPakFile: Registered encryption key '00000000000000000000000000000000': 0 pak files mounted, 0 remain pending
[2021.02.11-08.11.34:743][  0]LogContentBrowser: Native class hierarchy updated for 'AddContentDialog' in 0.0002 seconds. Added 0 classes and 0 folders.
[2021.02.11-08.11.34:810][  0]LogContentBrowser: Native class hierarchy updated for 'SceneOutliner' in 0.0004 seconds. Added 1 classes and 2 folders.
[2021.02.11-08.11.35:533][  0]LogSlate: Took 0.000138 seconds to synchronously load lazily loaded font '../../../Engine/Content/Slate/Fonts/Roboto-Regular.ttf' (155K)
[2021.02.11-08.11.35:535][  0]LogSlate: Took 0.000145 seconds to synchronously load lazily loaded font '../../../Engine/Content/Slate/Fonts/Roboto-Bold.ttf' (160K)
[2021.02.11-08.11.35:878][  0]LogSlate: Took 0.325651 seconds to synchronously load lazily loaded font '../../../Engine/Content/Editor/Slate/Fonts/FontAwesome.ttf' (139K)
[2021.02.11-08.11.36:181][  0]LogRenderer: Reallocating scene render targets to support 1088x656 Format 10 NumSamples 1 (Frame:1).
[2021.02.11-08.11.36:425][  0]LogContentBrowser: Native class hierarchy updated for 'HierarchicalLODOutliner' in 0.0002 seconds. Added 0 classes and 0 folders.
[2021.02.11-08.11.36:425][  0]LogLoad: (Engine Initialization) Total time: 15.47 seconds
[2021.02.11-08.11.36:425][  0]LogLoad: (Engine Initialization) Total Blueprint compile time: 0.00 seconds
[2021.02.11-08.11.36:456][  0]LogAssetRegistry: Asset discovery search completed in 9.7825 seconds
[2021.02.11-08.11.36:458][  0]LogCollectionManager: Rebuilt the object cache for 0 collections in 0.000000 seconds (found 0 objects)
[2021.02.11-08.11.36:458][  0]LogCollectionManager: Fixed up redirectors for 0 collections in 0.000032 seconds (updated 0 objects)
[2021.02.11-08.11.36:470][  0]LogContentStreaming: Texture pool size now 1000 MB
[2021.02.11-08.11.36:589][  0]LogSlate: Took 0.022629 seconds to synchronously load lazily loaded font '../../../Engine/Content/Slate/Fonts/Roboto-Light.ttf' (167K)
[2021.02.11-08.11.36:598][  1]PIE: Warning: Constraint in '/Engine/Transient.World_0:PersistentLevel.Rope_C_0.PhysicsConstraint' attempting to create a joint between objects that are both static.  No joint created.
[2021.02.11-08.11.50:391][842]LogSlate: FSceneViewport::OnFocusLost() reason 0
[2021.02.11-08.11.50:538][859]LogSlate: Took 0.002909 seconds to synchronously load lazily loaded font '../../../Engine/Content/Slate/Fonts/Roboto-Light.ttf' (167K)
[2021.02.11-08.11.50:546][859]LogAssetEditorManager: Opening Asset editor for Blueprint /Game/BP/Rope.Rope
[2021.02.11-08.11.51:245][859]LogContentBrowser: Native class hierarchy updated for 'BlueprintGraph' in 0.0008 seconds. Added 121 classes and 0 folders.
[2021.02.11-08.11.52:668][859]LogSlate: Took 0.009191 seconds to synchronously load lazily loaded font '../../../Engine/Content/Slate/Fonts/Roboto-BoldCondensed.ttf' (158K)
[2021.02.11-08.11.53:906][962]LogSlate: Took 0.004478 seconds to synchronously load lazily loaded font '../../../Engine/Content/Slate/Fonts/Roboto-Italic.ttf' (157K)
[2021.02.11-08.11.54:645][ 39]LogRenderer: Reallocating scene render targets to support 1088x676 Format 10 NumSamples 1 (Frame:1).
[2021.02.11-08.12.00:795][716]LogSlate: FSceneViewport::OnFocusLost() reason 0
[2021.02.11-08.12.16:844][570]LogRenderer: Reallocating scene render targets to support 1144x900 Format 10 NumSamples 1 (Frame:2509).
[2021.02.11-08.14.22:302][374]LogAssetEditorManager: Opening Asset editor for Blueprint /Game/BP/IsPlayer.IsPlayer
[2021.02.11-08.15.11:785][241]Cmd: OBJ SAVEPACKAGE PACKAGE="/Game/BP/IsPlayer" FILE="../../../../../../../Ecole/ICAN/5eme Annee/Prog/MyProject/Content/BP/IsPlayer.uasset" SILENT=true
[2021.02.11-08.15.11:828][241]LogSavePackage: Moving '../../../../../../../Ecole/ICAN/5eme Annee/Prog/MyProject/Saved/IsPlayer9A4FE6AF4E1FAF221309B9B86DC619E8.tmp' to '../../../../../../../Ecole/ICAN/5eme Annee/Prog/MyProject/Content/BP/IsPlayer.uasset'
[2021.02.11-08.15.12:294][293]BlueprintLog: New page: Compile IsPlayer
[2021.02.11-08.15.12:325][293]LogUObjectHash: Compacting FUObjectHashTables data took   3.01ms
[2021.02.11-08.15.14:982][599]LogUObjectHash: Compacting FUObjectHashTables data took   2.22ms
[2021.02.11-08.15.15:723][599]LogSavePackage: Moving '../../../../../../../Ecole/ICAN/5eme Annee/Prog/MyProject/Saved/Minimal_DefaultB8ED50414C5D6F90CB836A940FDF538B.tmp' to '../../../../../../../Ecole/ICAN/5eme Annee/Prog/MyProject/Content/StarterContent/Maps/Minimal_Default.umap'
[2021.02.11-08.15.15:795][599]LogSavePackage: Moving '../../../../../../../Ecole/ICAN/5eme Annee/Prog/MyProject/Saved/Minimal_Default_BuiltData8F9D5E4F4D0E275AC5CAC59C10ADF77C.tmp' to '../../../../../../../Ecole/ICAN/5eme Annee/Prog/MyProject/Content/StarterContent/Maps/Minimal_Default_BuiltData.uasset'
[2021.02.11-08.15.18:899][946]LogUObjectHash: Compacting FUObjectHashTables data took   1.80ms
[2021.02.11-08.15.18:922][946]Cmd: OBJ SAVEPACKAGE PACKAGE="/Game/BP/Rope" FILE="../../../../../../../Ecole/ICAN/5eme Annee/Prog/MyProject/Content/BP/Rope.uasset" SILENT=true
[2021.02.11-08.15.19:554][946]LogSavePackage: Moving '../../../../../../../Ecole/ICAN/5eme Annee/Prog/MyProject/Saved/Rope9AF9903B4CED37ACDC7C00BD47B41757.tmp' to '../../../../../../../Ecole/ICAN/5eme Annee/Prog/MyProject/Content/BP/Rope.uasset'
[2021.02.11-11.49.59:365][212]LogUObjectHash: Compacting FUObjectHashTables data took  10.16ms
[2021.02.11-11.50.00:444][212]LogSlate: Window 'IsPlayer' being destroyed
[2021.02.11-11.50.00:468][212]LogSlate: Window 'MyProject - Unreal Editor' being destroyed
[2021.02.11-11.50.00:477][212]LogWindowsTextInputMethodSystem: Display: IME system now deactivated.
[2021.02.11-11.50.00:811][213]Cmd: QUIT_EDITOR
[2021.02.11-11.50.01:076][213]LogExit: Preparing to exit.
[2021.02.11-11.50.03:121][213]LogExit: Editor shut down
[2021.02.11-11.50.03:122][213]LogExit: Transaction tracking system shut down
[2021.02.11-11.50.04:760][213]LogExit: Object subsystem successfully closed.
[2021.02.11-11.50.04:907][213]LogShaderCompilers: Display: Shaders left to compile 0
[2021.02.11-11.50.04:924][213]LogD3D11RHI: Shutdown
[2021.02.11-11.50.04:924][213]LogD3D11RHI: CleanupD3DDevice
[2021.02.11-11.50.04:941][213]LogRendererCore: FGlobalReadBuffer::ReleaseRHI
[2021.02.11-11.50.04:941][213]LogRendererCore: FGlobalDynamicReadBuffer::Cleanup()
[2021.02.11-11.50.04:959][213]LogRendererCore: FGlobalReadBuffer::ReleaseRHI
[2021.02.11-11.50.04:959][213]LogRendererCore: FGlobalDynamicReadBuffer::Cleanup()
[2021.02.11-11.50.04:959][213]LogRendererCore: FGlobalReadBuffer::ReleaseRHI
[2021.02.11-11.50.04:959][213]LogRendererCore: FGlobalDynamicReadBuffer::Cleanup()
[2021.02.11-11.50.05:068][213]LogD3D11RHI: ~FD3D11DynamicRHI
[2021.02.11-11.50.05:908][213]LogModuleManager: Shutting down and abandoning module BlueprintGraph (644)
[2021.02.11-11.50.05:908][213]LogModuleManager: Shutting down and abandoning module HierarchicalLODOutliner (642)
[2021.02.11-11.50.05:908][213]LogModuleManager: Shutting down and abandoning module SceneOutliner (640)
[2021.02.11-11.50.05:909][213]LogModuleManager: Shutting down and abandoning module AddContentDialog (638)
[2021.02.11-11.50.05:923][213]LogModuleManager: Shutting down and abandoning module WidgetCarousel (637)
[2021.02.11-11.50.05:923][213]LogModuleManager: Shutting down and abandoning module EditorWidgets (634)
[2021.02.11-11.50.05:923][213]LogModuleManager: Shutting down and abandoning module CollectionManager (632)
[2021.02.11-11.50.05:932][213]LogModuleManager: Shutting down and abandoning module StatsViewer (630)
[2021.02.11-11.50.05:939][213]LogModuleManager: Shutting down and abandoning module FoliageEdit (628)
[2021.02.11-11.50.05:939][213]LogModuleManager: Shutting down and abandoning module LandscapeEditor (626)
[2021.02.11-11.50.05:941][213]LogModuleManager: Shutting down and abandoning module MeshPaintMode (624)
[2021.02.11-11.50.05:942][213]LogModuleManager: Shutting down and abandoning module SceneDepthPickerMode (622)
[2021.02.11-11.50.05:942][213]LogModuleManager: Shutting down and abandoning module ActorPickerMode (620)
[2021.02.11-11.50.05:942][213]LogModuleManager: Shutting down and abandoning module GeometryMode (618)
[2021.02.11-11.50.05:942][213]LogModuleManager: Shutting down and abandoning module TextureAlignMode (616)
[2021.02.11-11.50.05:942][213]LogModuleManager: Shutting down and abandoning module BspMode (614)
[2021.02.11-11.50.05:942][213]LogModuleManager: Shutting down and abandoning module PIEPreviewDeviceProfileSelector (612)
[2021.02.11-11.50.05:955][213]LogModuleManager: Shutting down and abandoning module SequenceRecorderSections (610)
[2021.02.11-11.50.05:962][213]LogModuleManager: Shutting down and abandoning module AutomationWorker (608)
[2021.02.11-11.50.05:971][213]LogModuleManager: Shutting down and abandoning module OculusMR (606)
[2021.02.11-11.50.05:971][213]LogModuleManager: Shutting down and abandoning module AudioCaptureEditor (604)
[2021.02.11-11.50.05:972][213]LogModuleManager: Shutting down and abandoning module MatineeToLevelSequence (602)
[2021.02.11-11.50.05:990][213]LogModuleManager: Shutting down and abandoning module LevelSequenceEditor (600)
[2021.02.11-11.50.06:012][213]LogModuleManager: Shutting down and abandoning module PlacementMode (599)
[2021.02.11-11.50.06:012][213]LogModuleManager: Shutting down and abandoning module MaterialEditor (598)
[2021.02.11-11.50.06:017][213]LogModuleManager: Shutting down and abandoning module ActorSequenceEditor (594)
[2021.02.11-11.50.06:026][213]LogModuleManager: Shutting down and abandoning module WmfMediaFactory (592)
[2021.02.11-11.50.06:026][213]LogModuleManager: Shutting down and abandoning module WmfMediaEditor (590)
[2021.02.11-11.50.06:026][213]LogModuleManager: Shutting down and abandoning module WebMMediaFactory (588)
[2021.02.11-11.50.06:026][213]LogModuleManager: Shutting down and abandoning module WebMMediaEditor (586)
[2021.02.11-11.50.06:026][213]LogModuleManager: Shutting down and abandoning module WebMMedia (584)
[2021.02.11-11.50.06:027][213]LogModuleManager: Shutting down and abandoning module MediaPlayerEditor (582)
[2021.02.11-11.50.06:028][213]LogModuleManager: Shutting down and abandoning module MediaCompositingEditor (580)
[2021.02.11-11.50.06:040][213]LogModuleManager: Shutting down and abandoning module SequenceRecorder (579)
[2021.02.11-11.50.06:040][213]LogModuleManager: Shutting down and abandoning module OpenExrWrapper (576)
[2021.02.11-11.50.06:040][213]LogModuleManager: Shutting down and abandoning module ImgMediaFactory (574)
[2021.02.11-11.50.06:040][213]LogModuleManager: Shutting down and abandoning module ImgMediaEditor (572)
[2021.02.11-11.50.06:040][213]LogModuleManager: Shutting down and abandoning module AvfMediaFactory (570)
[2021.02.11-11.50.06:040][213]LogModuleManager: Shutting down and abandoning module AvfMediaEditor (568)
[2021.02.11-11.50.06:040][213]LogModuleManager: Shutting down and abandoning module AndroidMediaFactory (566)
[2021.02.11-11.50.06:040][213]LogModuleManager: Shutting down and abandoning module AndroidMediaEditor (564)
[2021.02.11-11.50.06:040][213]LogModuleManager: Shutting down and abandoning module MagicLeapCameraPreviewFactory (562)
[2021.02.11-11.50.06:040][213]LogModuleManager: Shutting down and abandoning module MagicLeapMediaCodecFactory (560)
[2021.02.11-11.50.06:040][213]LogModuleManager: Shutting down and abandoning module MagicLeapMediaFactory (558)
[2021.02.11-11.50.06:040][213]LogModuleManager: Shutting down and abandoning module MagicLeapMediaEditor (556)
[2021.02.11-11.50.06:040][213]LogModuleManager: Shutting down and abandoning module CharacterAI (554)
[2021.02.11-11.50.06:040][213]LogModuleManager: Shutting down and abandoning module SmartSnapping (552)
[2021.02.11-11.50.06:040][213]LogModuleManager: Shutting down and abandoning module SessionServices (550)
[2021.02.11-11.50.06:040][213]LogModuleManager: Shutting down and abandoning module MeshPaint (548)
[2021.02.11-11.50.06:041][213]LogModuleManager: Shutting down and abandoning module ViewportSnapping (546)
[2021.02.11-11.50.06:041][213]LogModuleManager: Shutting down and abandoning module ViewportInteraction (544)
[2021.02.11-11.50.06:041][213]LogModuleManager: Shutting down and abandoning module ClothPainter (542)
[2021.02.11-11.50.06:050][213]LogModuleManager: Shutting down and abandoning module SkeletalMeshEditor (541)
[2021.02.11-11.50.06:082][213]LogModuleManager: Shutting down and abandoning module LogVisualizer (538)
[2021.02.11-11.50.06:093][213]LogModuleManager: Shutting down and abandoning module IntroTutorials (536)
[2021.02.11-11.50.06:115][213]LogModuleManager: Shutting down and abandoning module GameProjectGeneration (535)
[2021.02.11-11.50.06:130][213]LogModuleManager: Shutting down and abandoning module LuminPlatformEditor (532)
[2021.02.11-11.50.06:130][213]LogModuleManager: Shutting down and abandoning module IOSPlatformEditor (530)
[2021.02.11-11.50.06:130][213]LogModuleManager: Shutting down and abandoning module HTML5PlatformEditor (528)
[2021.02.11-11.50.06:130][213]LogModuleManager: Shutting down and abandoning module AndroidPlatformEditor (526)
[2021.02.11-11.50.06:139][213]LogModuleManager: Shutting down and abandoning module AndroidDeviceDetection (525)
[2021.02.11-11.50.06:379][213]LogModuleManager: Shutting down and abandoning module WindowsPlatformEditor (522)
[2021.02.11-11.50.06:379][213]LogModuleManager: Shutting down and abandoning module LuminRuntimeSettings (520)
[2021.02.11-11.50.06:379][213]LogModuleManager: Shutting down and abandoning module IOSRuntimeSettings (518)
[2021.02.11-11.50.06:379][213]LogModuleManager: Shutting down and abandoning module AndroidRuntimeSettings (516)
[2021.02.11-11.50.06:379][213]LogModuleManager: Shutting down and abandoning module TimeManagementEditor (514)
[2021.02.11-11.50.06:379][213]LogModuleManager: Shutting down and abandoning module InputBindingEditor (512)
[2021.02.11-11.50.06:388][213]LogModuleManager: Shutting down and abandoning module MergeActors (510)
[2021.02.11-11.50.06:405][213]LogModuleManager: Shutting down and abandoning module LocalizationDashboard (508)
[2021.02.11-11.50.06:412][213]LogModuleManager: Shutting down and abandoning module LocalizationService (507)
[2021.02.11-11.50.06:415][213]LogModuleManager: Shutting down and abandoning module HardwareTargeting (504)
[2021.02.11-11.50.06:415][213]LogModuleManager: Shutting down and abandoning module DeviceProfileEditor (502)
[2021.02.11-11.50.06:415][213]LogModuleManager: Shutting down and abandoning module UndoHistory (500)
[2021.02.11-11.50.06:425][213]LogModuleManager: Shutting down and abandoning module XmlParser (498)
[2021.02.11-11.50.06:428][213]LogModuleManager: Shutting down and abandoning module Blutility (496)
[2021.02.11-11.50.06:436][213]LogModuleManager: Shutting down and abandoning module ProjectSettingsViewer (494)
[2021.02.11-11.50.06:437][213]LogModuleManager: Shutting down and abandoning module ProjectTargetPlatformEditor (493)
[2021.02.11-11.50.06:437][213]LogModuleManager: Shutting down and abandoning module EditorSettingsViewer (490)
[2021.02.11-11.50.06:438][213]LogModuleManager: Shutting down and abandoning module SettingsEditor (488)
[2021.02.11-11.50.06:448][213]LogModuleManager: Shutting down and abandoning module ProjectLauncher (486)
[2021.02.11-11.50.06:457][213]LogModuleManager: Shutting down and abandoning module SessionFrontend (484)
[2021.02.11-11.50.06:466][213]LogModuleManager: Shutting down and abandoning module ProfilerClient (482)
[2021.02.11-11.50.06:466][213]LogModuleManager: Shutting down and abandoning module DeviceManager (480)
[2021.02.11-11.50.06:473][213]LogModuleManager: Shutting down and abandoning module TargetDeviceServices (479)
[2021.02.11-11.50.06:534][213]LogModuleManager: Shutting down and abandoning module AutomationController (476)
[2021.02.11-11.50.06:545][213]LogModuleManager: Shutting down and abandoning module AutomationWindow (474)
[2021.02.11-11.50.06:558][213]LogModuleManager: Shutting down and abandoning module Layers (472)
[2021.02.11-11.50.06:582][213]LogModuleManager: Shutting down and abandoning module ComponentVisualizers (470)
[2021.02.11-11.50.06:582][213]LogModuleManager: Shutting down and abandoning module DetailCustomizations (468)
[2021.02.11-11.50.06:591][213]LogModuleManager: Shutting down and abandoning module PackagesDialog (466)
[2021.02.11-11.50.06:591][213]LogModuleManager: Shutting down and abandoning module AnimationBlueprintEditor (464)
[2021.02.11-11.50.06:608][213]LogModuleManager: Shutting down and abandoning module Persona (462)
[2021.02.11-11.50.06:634][213]LogModuleManager: Shutting down and abandoning module AdvancedPreviewScene (461)
[2021.02.11-11.50.06:634][213]LogModuleManager: Shutting down and abandoning module AnimGraph (459)
[2021.02.11-11.50.06:634][213]LogModuleManager: Shutting down and abandoning module Kismet (456)
[2021.02.11-11.50.06:639][213]LogModuleManager: Shutting down and abandoning module GraphEditor (454)
[2021.02.11-11.50.06:650][213]LogModuleManager: Shutting down and abandoning module ClassViewer (452)
[2021.02.11-11.50.06:651][213]LogModuleManager: Shutting down and abandoning module Toolbox (450)
[2021.02.11-11.50.06:651][213]LogModuleManager: Shutting down and abandoning module ModuleUI (448)
[2021.02.11-11.50.06:658][213]LogModuleManager: Shutting down and abandoning module MovieSceneTools (446)
[2021.02.11-11.50.06:667][213]LogModuleManager: Shutting down and abandoning module OutputLog (444)
[2021.02.11-11.50.06:667][213]LogModuleManager: Shutting down and abandoning module GammaUI (442)
[2021.02.11-11.50.06:674][213]LogModuleManager: Shutting down and abandoning module Documentation (440)
[2021.02.11-11.50.06:675][213]LogModuleManager: Shutting down and abandoning module LiveCoding (438)
[2021.02.11-11.50.06:684][213]LogModuleManager: Shutting down and abandoning module LevelSequence (436)
[2021.02.11-11.50.06:685][213]LogModuleManager: Shutting down and abandoning module MovieSceneTracks (434)
[2021.02.11-11.50.06:685][213]LogModuleManager: Shutting down and abandoning module MovieScene (432)
[2021.02.11-11.50.06:695][213]LogModuleManager: Shutting down and abandoning module StreamingPauseRendering (430)
[2021.02.11-11.50.06:695][213]LogModuleManager: Shutting down and abandoning module LauncherPlatform (428)
[2021.02.11-11.50.06:695][213]LogModuleManager: Shutting down and abandoning module AnalyticsET (426)
[2021.02.11-11.50.06:696][213]LogModuleManager: Shutting down and abandoning module PortalServices (424)
[2021.02.11-11.50.06:696][213]LogModuleManager: Shutting down and abandoning module PortalRpc (422)
[2021.02.11-11.50.06:696][213]LogModuleManager: Shutting down and abandoning module MessagingRpc (420)
[2021.02.11-11.50.06:696][213]LogModuleManager: Shutting down and abandoning module AIModule (418)
[2021.02.11-11.50.06:731][213]LogModuleManager: Shutting down and abandoning module GameplayDebugger (417)
[2021.02.11-11.50.06:750][213]LogModuleManager: Shutting down and abandoning module AITestSuite (415)
[2021.02.11-11.50.06:763][213]LogModuleManager: Shutting down and abandoning module NavigationSystem (413)
[2021.02.11-11.50.06:763][213]LogModuleManager: Shutting down and abandoning module DesktopPlatform (410)
[2021.02.11-11.50.06:763][213]LogModuleManager: Shutting down and abandoning module ImageWriteQueue (408)
[2021.02.11-11.50.06:767][213]LogModuleManager: Shutting down and abandoning module ProfilerService (406)
[2021.02.11-11.50.06:870][213]LogModuleManager: Shutting down and abandoning module TaskGraph (404)
[2021.02.11-11.50.06:873][213]LogModuleManager: Shutting down and abandoning module SteamVRController (402)
[2021.02.11-11.50.06:873][213]LogModuleManager: Shutting down and abandoning module ProceduralMeshComponentEditor (400)
[2021.02.11-11.50.06:886][213]LogModuleManager: Shutting down and abandoning module ProceduralMeshComponent (398)
[2021.02.11-11.50.06:896][213]LogModuleManager: Shutting down and abandoning module OculusEditor (396)
[2021.02.11-11.50.06:904][213]LogModuleManager: Shutting down and abandoning module OculusInput (394)
[2021.02.11-11.50.06:904][213]LogModuleManager: Shutting down and abandoning module MobilePatchingUtils (392)
[2021.02.11-11.50.06:904][213]LogModuleManager: Shutting down and abandoning module EditableMesh (390)
[2021.02.11-11.50.06:910][213]LogModuleManager: Shutting down and abandoning module CustomMeshComponent (388)
[2021.02.11-11.50.06:910][213]LogModuleManager: Shutting down and abandoning module CableComponent (386)
[2021.02.11-11.50.06:910][213]LogModuleManager: Shutting down and abandoning module AudioCapture (384)
[2021.02.11-11.50.06:910][213]LogModuleManager: Shutting down and abandoning module ArchVisCharacter (382)
[2021.02.11-11.50.06:910][213]LogModuleManager: Shutting down and abandoning module AndroidPermission (380)
[2021.02.11-11.50.06:910][213]LogModuleManager: Shutting down and abandoning module NUTUnrealEngine4 (378)
[2021.02.11-11.50.06:910][213]LogModuleManager: Shutting down and abandoning module NetcodeUnitTest (376)
[2021.02.11-11.50.06:933][213]LogModuleManager: Shutting down and abandoning module MediaCompositing (374)
[2021.02.11-11.50.06:933][213]LogModuleManager: Shutting down and abandoning module LinearTimecode (372)
[2021.02.11-11.50.06:933][213]LogModuleManager: Shutting down and abandoning module ImgMedia (370)
[2021.02.11-11.50.06:933][213]LogModuleManager: Shutting down and abandoning module MagicLeapHelperVulkan (368)
[2021.02.11-11.50.06:933][213]LogModuleManager: Shutting down and abandoning module MagicLeapHelperOpenGL (366)
[2021.02.11-11.50.06:933][213]LogModuleManager: Shutting down and abandoning module MagicLeapAudio (364)
[2021.02.11-11.50.06:939][213]LogModuleManager: Shutting down and abandoning module HTML5Networking (362)
[2021.02.11-11.50.06:939][213]LogModuleManager: Shutting down and abandoning module GeometryCacheTracks (360)
[2021.02.11-11.50.06:939][213]LogModuleManager: Shutting down and abandoning module GeometryCacheSequencer (358)
[2021.02.11-11.50.06:939][213]LogModuleManager: Shutting down and abandoning module BackChannel (356)
[2021.02.11-11.50.06:950][213]LogModuleManager: Shutting down and abandoning module AppleVision (354)
[2021.02.11-11.50.06:950][213]LogModuleManager: Shutting down and abandoning module AppleImageUtilsBlueprintSupport (352)
[2021.02.11-11.50.06:950][213]LogModuleManager: Shutting down and abandoning module AppleImageUtils (350)
[2021.02.11-11.50.06:950][213]LogModuleManager: Shutting down and abandoning module AlembicImporter (348)
[2021.02.11-11.50.06:950][213]LogModuleManager: Shutting down and abandoning module AlembicLibrary (347)
[2021.02.11-11.50.06:950][213]LogModuleManager: Shutting down and abandoning module GeometryCache (346)
[2021.02.11-11.50.06:950][213]LogModuleManager: Shutting down and abandoning module GeometryCacheEd (345)
[2021.02.11-11.50.06:950][213]LogModuleManager: Shutting down and abandoning module VariantManagerContent (340)
[2021.02.11-11.50.06:950][213]LogModuleManager: Shutting down and abandoning module DatasmithContentEditor (338)
[2021.02.11-11.50.06:978][213]LogModuleManager: Shutting down and abandoning module SpeedTreeImporter (336)
[2021.02.11-11.50.06:978][213]LogModuleManager: Shutting down and abandoning module PluginBrowser (334)
[2021.02.11-11.50.06:989][213]LogModuleManager: Shutting down and abandoning module MobileLauncherProfileWizard (332)
[2021.02.11-11.50.07:001][213]LogModuleManager: Shutting down and abandoning module MaterialAnalyzer (330)
[2021.02.11-11.50.07:011][213]LogModuleManager: Shutting down and abandoning module CryptoKeysOpenSSL (328)
[2021.02.11-11.50.07:011][213]LogModuleManager: Shutting down and abandoning module CryptoKeys (326)
[2021.02.11-11.50.07:011][213]LogModuleManager: Shutting down and abandoning module VisualStudioSourceCodeAccess (324)
[2021.02.11-11.50.07:014][213]LogModuleManager: Shutting down and abandoning module VisualStudioCodeSourceCodeAccess (322)
[2021.02.11-11.50.07:014][213]LogModuleManager: Shutting down and abandoning module UObjectPlugin (320)
[2021.02.11-11.50.07:014][213]LogModuleManager: Shutting down and abandoning module SubversionSourceControl (318)
[2021.02.11-11.50.07:036][213]LogModuleManager: Shutting down and abandoning module PerforceSourceControl (316)
[2021.02.11-11.50.07:051][213]LogModuleManager: Shutting down and abandoning module GitSourceControl (314)
[2021.02.11-11.50.07:061][213]LogModuleManager: Shutting down and abandoning module SourceControl (313)
[2021.02.11-11.50.07:069][213]LogModuleManager: Shutting down and abandoning module CLionSourceCodeAccess (310)
[2021.02.11-11.50.07:069][213]LogModuleManager: Shutting down and abandoning module AnimationSharingEd (308)
[2021.02.11-11.50.07:069][213]LogModuleManager: Shutting down and abandoning module ActorLayerUtilitiesEditor (306)
[2021.02.11-11.50.07:069][213]LogModuleManager: Shutting down and abandoning module ActorLayerUtilities (304)
[2021.02.11-11.50.07:069][213]LogModuleManager: Shutting down and abandoning module LightPropagationVolumeEditor (302)
[2021.02.11-11.50.07:069][213]LogModuleManager: Shutting down and abandoning module PaperTiledImporter (300)
[2021.02.11-11.50.07:069][213]LogModuleManager: Shutting down and abandoning module PaperSpriteSheetImporter (298)
[2021.02.11-11.50.07:069][213]LogModuleManager: Shutting down and abandoning module Paper2DEditor (296)
[2021.02.11-11.50.07:093][213]LogModuleManager: Shutting down and abandoning module SignificanceManager (294)
[2021.02.11-11.50.07:093][213]LogModuleManager: Shutting down and abandoning module RuntimePhysXCooking (292)
[2021.02.11-11.50.07:094][213]LogModuleManager: Shutting down and abandoning module PhysXVehiclesEditor (290)
[2021.02.11-11.50.07:094][213]LogModuleManager: Shutting down and abandoning module PhysXVehicles (288)
[2021.02.11-11.50.07:094][213]LogModuleManager: Shutting down and abandoning module LocationServicesBPLibrary (286)
[2021.02.11-11.50.07:094][213]LogModuleManager: Shutting down and abandoning module ActorSequence (284)
[2021.02.11-11.50.07:094][213]LogModuleManager: Shutting down and abandoning module UdpMessaging (282)
[2021.02.11-11.50.07:195][213]LogModuleManager: Shutting down and abandoning module TcpMessaging (280)
[2021.02.11-11.50.07:311][213]LogModuleManager: Shutting down and abandoning module MagicLeapIdentity (278)
[2021.02.11-11.50.07:311][213]LogModuleManager: Shutting down and abandoning module MagicLeapSecureStorage (276)
[2021.02.11-11.50.07:311][213]LogModuleManager: Shutting down and abandoning module MagicLeapHandTracking (274)
[2021.02.11-11.50.07:316][213]LogModuleManager: Shutting down and abandoning module MagicLeapEyeTracker (272)
[2021.02.11-11.50.07:316][213]LogModuleManager: Shutting down and abandoning module MagicLeapController (270)
[2021.02.11-11.50.07:330][213]LogSlate: Slate User Destroyed.  User Index 0, Is Virtual User: 0
[2021.02.11-11.50.07:331][213]LogModuleManager: Shutting down and abandoning module MagicLeapAR (268)
[2021.02.11-11.50.07:331][213]LogModuleManager: Shutting down and abandoning module AugmentedReality (267)
[2021.02.11-11.50.07:331][213]LogModuleManager: Shutting down and abandoning module GameplayTagsEditor (264)
[2021.02.11-11.50.07:340][213]LogModuleManager: Shutting down and abandoning module FacialAnimationEditor (262)
[2021.02.11-11.50.07:340][213]LogModuleManager: Shutting down and abandoning module FacialAnimation (260)
[2021.02.11-11.50.07:340][213]LogModuleManager: Shutting down and abandoning module DataValidation (258)
[2021.02.11-11.50.07:340][213]LogModuleManager: Shutting down and abandoning module AssetManagerEditor (256)
[2021.02.11-11.50.07:358][213]LogModuleManager: Shutting down and abandoning module LevelEditor (255)
[2021.02.11-11.50.07:367][213]LogModuleManager: Shutting down and abandoning module PixelInspectorModule (254)
[2021.02.11-11.50.07:371][213]LogModuleManager: Shutting down and abandoning module CommonMenuExtensions (252)
[2021.02.11-11.50.07:372][213]LogModuleManager: Shutting down and abandoning module MainFrame (250)
[2021.02.11-11.50.07:372][213]LogModuleManager: Shutting down and abandoning module HotReload (249)
[2021.02.11-11.50.07:376][213]LogModuleManager: Shutting down and abandoning module ContentBrowser (245)
[2021.02.11-11.50.07:378][213]LogModuleManager: Shutting down and abandoning module TreeMap (243)
[2021.02.11-11.50.07:382][213]LogModuleManager: Shutting down and abandoning module AnimationSharing (240)
[2021.02.11-11.50.07:382][213]LogModuleManager: Shutting down and abandoning module LightPropagationVolumeRuntime (238)
[2021.02.11-11.50.07:382][213]LogModuleManager: Shutting down and abandoning module AISupportModule (236)
[2021.02.11-11.50.07:382][213]LogModuleManager: Shutting down and abandoning module Paper2D (234)
[2021.02.11-11.50.07:388][213]LogModuleManager: Shutting down and abandoning module WindowsMoviePlayer (232)
[2021.02.11-11.50.07:394][213]LogModuleManager: Shutting down and abandoning module WebMMoviePlayer (230)
[2021.02.11-11.50.07:402][213]LogModuleManager: Shutting down and abandoning module PacketHandler (228)
[2021.02.11-11.50.07:402][213]LogModuleManager: Shutting down and abandoning module ClothingSystemEditor (226)
[2021.02.11-11.50.07:402][213]LogModuleManager: Shutting down and abandoning module ClothingSystemRuntime (224)
[2021.02.11-11.50.07:414][213]LogModuleManager: Shutting down and abandoning module MediaAssets (222)
[2021.02.11-11.50.07:414][213]LogModuleManager: Shutting down and abandoning module Overlay (220)
[2021.02.11-11.50.07:414][213]LogModuleManager: Shutting down and abandoning module OverlayEditor (219)
[2021.02.11-11.50.07:414][213]LogModuleManager: Shutting down and abandoning module VREditor (216)
[2021.02.11-11.50.07:449][213]LogModuleManager: Shutting down and abandoning module StringTableEditor (214)
[2021.02.11-11.50.07:464][213]LogModuleManager: Shutting down and abandoning module GameplayTasksEditor (212)
[2021.02.11-11.50.07:465][213]LogModuleManager: Shutting down and abandoning module BehaviorTreeEditor (210)
[2021.02.11-11.50.07:497][213]LogModuleManager: Shutting down and abandoning module FunctionalTesting (208)
[2021.02.11-11.50.07:511][213]LogModuleManager: Shutting down and abandoning module CollisionAnalyzer (206)
[2021.02.11-11.50.07:537][213]LogModuleManager: Shutting down and abandoning module WorkspaceMenuStructure (205)
[2021.02.11-11.50.07:538][213]LogModuleManager: Shutting down and abandoning module UMG (202)
[2021.02.11-11.50.07:544][213]LogModuleManager: Shutting down and abandoning module UMGEditor (201)
[2021.02.11-11.50.07:560][213]LogModuleManager: Shutting down and abandoning module Sequencer (200)
[2021.02.11-11.50.07:596][213]LogModuleManager: Shutting down and abandoning module MessageLog (197)
[2021.02.11-11.50.07:596][213]LogModuleManager: Shutting down and abandoning module SlateReflector (192)
[2021.02.11-11.50.07:617][213]LogModuleManager: Shutting down and abandoning module Slate (190)
[2021.02.11-11.50.07:617][213]LogModuleManager: Shutting down and abandoning module EditorStyle (188)
[2021.02.11-11.50.07:620][213]LogModuleManager: Shutting down and abandoning module UnrealEd (186)
[2021.02.11-11.50.07:627][213]LogModuleManager: Shutting down and abandoning module MRMesh (184)
[2021.02.11-11.50.07:627][213]LogModuleManager: Shutting down and abandoning module SourceCodeAccess (182)
[2021.02.11-11.50.07:627][213]LogModuleManager: Shutting down and abandoning module HeadMountedDisplay (180)
[2021.02.11-11.50.07:627][213]LogModuleManager: Shutting down and abandoning module XAudio2 (178)
[2021.02.11-11.50.07:627][213]LogModuleManager: Shutting down and abandoning module Networking (176)
[2021.02.11-11.50.07:627][213]LogModuleManager: Shutting down and abandoning module Core (174)
[2021.02.11-11.50.07:627][213]LogModuleManager: Shutting down and abandoning module KismetCompiler (172)
[2021.02.11-11.50.07:628][213]LogModuleManager: Shutting down and abandoning module MeshUtilities (170)
[2021.02.11-11.50.07:628][213]LogModuleManager: Shutting down and abandoning module MeshMergeUtilities (169)
[2021.02.11-11.50.07:634][213]LogModuleManager: Shutting down and abandoning module MeshReductionInterface (168)
[2021.02.11-11.50.07:634][213]LogModuleManager: Shutting down and abandoning module SkeletalMeshReduction (167)
[2021.02.11-11.50.07:645][213]LogModuleManager: Shutting down and abandoning module ProxyLODMeshReduction (165)
[2021.02.11-11.50.07:960][213]LogModuleManager: Shutting down and abandoning module QuadricMeshReduction (163)
[2021.02.11-11.50.07:965][213]LogModuleManager: Shutting down and abandoning module MaterialBaking (159)
[2021.02.11-11.50.07:972][213]LogModuleManager: Shutting down and abandoning module DerivedDataCache (154)
[2021.02.11-11.50.07:974][213]LogDerivedDataCache: Shutdown
[2021.02.11-11.50.07:974][213]LogModuleManager: Shutting down and abandoning module XGEController (152)
[2021.02.11-11.50.07:981][213]LogModuleManager: Shutting down and abandoning module TargetPlatform (150)
[2021.02.11-11.50.07:982][213]LogModuleManager: Shutting down and abandoning module VulkanShaderFormat (149)
[2021.02.11-11.50.07:988][213]LogModuleManager: Shutting down and abandoning module ShaderFormatVectorVM (147)
[2021.02.11-11.50.07:998][213]LogModuleManager: Shutting down and abandoning module ShaderFormatOpenGL (145)
[2021.02.11-11.50.08:007][213]LogModuleManager: Shutting down and abandoning module ShaderFormatD3D (143)
[2021.02.11-11.50.08:008][213]LogModuleManager: Shutting down and abandoning module MetalShaderFormat (141)
[2021.02.11-11.50.08:018][213]LogModuleManager: Shutting down and abandoning module TextureFormatUncompressed (139)
[2021.02.11-11.50.08:018][213]LogModuleManager: Shutting down and abandoning module TextureFormatPVR (137)
[2021.02.11-11.50.08:018][213]LogModuleManager: Shutting down and abandoning module TextureFormatDXT (135)
[2021.02.11-11.50.08:024][213]LogModuleManager: Shutting down and abandoning module TextureFormatIntelISPCTexComp (133)
[2021.02.11-11.50.08:025][213]LogModuleManager: Shutting down and abandoning module TextureFormatASTC (131)
[2021.02.11-11.50.08:025][213]LogModuleManager: Shutting down and abandoning module ImageWrapper (130)
[2021.02.11-11.50.08:025][213]LogModuleManager: Shutting down and abandoning module TextureFormatAndroid (127)
[2021.02.11-11.50.08:025][213]LogModuleManager: Shutting down and abandoning module AudioFormatOpus (125)
[2021.02.11-11.50.08:035][213]LogModuleManager: Shutting down and abandoning module AudioFormatOgg (123)
[2021.02.11-11.50.08:035][213]LogModuleManager: Shutting down and abandoning module AudioFormatADPCM (121)
[2021.02.11-11.50.08:039][213]LogModuleManager: Shutting down and abandoning module LuminTargetPlatform (119)
[2021.02.11-11.50.08:055][213]LogModuleManager: Shutting down and abandoning module LinuxTargetPlatform (117)
[2021.02.11-11.50.08:055][213]LogModuleManager: Shutting down and abandoning module LinuxServerTargetPlatform (115)
[2021.02.11-11.50.08:062][213]LogModuleManager: Shutting down and abandoning module LinuxNoEditorTargetPlatform (113)
[2021.02.11-11.50.08:063][213]LogModuleManager: Shutting down and abandoning module LinuxClientTargetPlatform (111)
[2021.02.11-11.50.08:069][213]LogModuleManager: Shutting down and abandoning module TVOSTargetPlatform (109)
[2021.02.11-11.50.08:073][213]LogModuleManager: Shutting down and abandoning module Messaging (107)
[2021.02.11-11.50.08:073][213]LogModuleManager: Shutting down and abandoning module IOSTargetPlatform (105)
[2021.02.11-11.50.08:077][213]LogModuleManager: Shutting down and abandoning module HTML5TargetPlatform (103)
[2021.02.11-11.50.08:077][213]LogModuleManager: Shutting down and abandoning module AndroidTargetPlatform (101)
[2021.02.11-11.50.08:105][213]LogModuleManager: Shutting down and abandoning module WindowsTargetPlatform (99)
[2021.02.11-11.50.08:105][213]LogModuleManager: Shutting down and abandoning module WindowsServerTargetPlatform (97)
[2021.02.11-11.50.08:105][213]LogModuleManager: Shutting down and abandoning module WindowsNoEditorTargetPlatform (95)
[2021.02.11-11.50.08:105][213]LogModuleManager: Shutting down and abandoning module WindowsClientTargetPlatform (93)
[2021.02.11-11.50.08:106][213]LogModuleManager: Shutting down and abandoning module MacTargetPlatform (91)
[2021.02.11-11.50.08:106][213]LogModuleManager: Shutting down and abandoning module MacServerTargetPlatform (89)
[2021.02.11-11.50.08:106][213]LogModuleManager: Shutting down and abandoning module MacNoEditorTargetPlatform (87)
[2021.02.11-11.50.08:106][213]LogModuleManager: Shutting down and abandoning module MacClientTargetPlatform (85)
[2021.02.11-11.50.08:106][213]LogModuleManager: Shutting down and abandoning module AllDesktopTargetPlatform (83)
[2021.02.11-11.50.08:106][213]LogModuleManager: Shutting down and abandoning module InputCore (80)
[2021.02.11-11.50.08:106][213]LogModuleManager: Shutting down and abandoning module Settings (78)
[2021.02.11-11.50.08:106][213]LogModuleManager: Shutting down and abandoning module DirectoryWatcher (76)
[2021.02.11-11.50.08:107][213]LogModuleManager: Shutting down and abandoning module PhysXCooking (74)
[2021.02.11-11.50.08:107][213]LogModuleManager: Shutting down and abandoning module SteamVR (72)
[2021.02.11-11.50.08:117][213]LogHMD: Freeing OpenVRDLLHandle.
[2021.02.11-11.50.08:117][213]LogModuleManager: Shutting down and abandoning module OculusHMD (70)
[2021.02.11-11.50.08:118][213]LogModuleManager: Shutting down and abandoning module ExampleDeviceProfileSelector (68)
[2021.02.11-11.50.08:118][213]LogModuleManager: Shutting down and abandoning module LauncherChunkInstaller (66)
[2021.02.11-11.50.08:118][213]LogModuleManager: Shutting down and abandoning module OnlineBlueprintSupport (64)
[2021.02.11-11.50.08:118][213]LogModuleManager: Shutting down and abandoning module OnlineSubsystem (60)
[2021.02.11-11.50.08:178][213]LogModuleManager: Shutting down and abandoning module XMPP (55)
[2021.02.11-11.50.08:187][213]LogModuleManager: Shutting down and abandoning module WebSockets (54)
[2021.02.11-11.50.08:223][213]LogModuleManager: Shutting down and abandoning module HTTP (51)
[2021.02.11-11.50.08:223][213]LogHttp: Display: Http module shutting down, but needs to wait on 1 outstanding Http requests:
[2021.02.11-11.50.08:223][213]LogHttp: Display: 	verb=[POST] url=[https://datarouter.ol.epicgames.com/datarouter/api/v1/public/data?SessionID=%7B57E26275-4A5E-9EC7-74B1-18B07A00BFDC%7D&AppID=UEEditor.Rocket.Release&AppVersion=4.22.3-7053642%2B%2B%2BUE4%2BRelease-4.22&UserID=0f09a62d40cb0aa9b0a55fb6faf78e91%7C70d4780c47274866b1d7e47259404270%7C09491213-9238-4c16-b423-4726e04576c1&AppEnvironment=datacollector-binary&UploadType=eteventstream] status=Processing
[2021.02.11-11.50.08:230][213]LogModuleManager: Shutting down and abandoning module SSL (50)
[2021.02.11-11.50.08:232][213]LogModuleManager: Shutting down and abandoning module WmfMedia (46)
[2021.02.11-11.50.08:241][213]LogModuleManager: Shutting down and abandoning module Media (45)
[2021.02.11-11.50.08:247][213]LogModuleManager: Shutting down and abandoning module MagicLeap (42)
[2021.02.11-11.50.08:248][213]LogModuleManager: Shutting down and abandoning module DatasmithContent (40)
[2021.02.11-11.50.08:249][213]LogModuleManager: Shutting down and abandoning module AnimationModifiers (38)
[2021.02.11-11.50.08:262][213]LogModuleManager: Shutting down and abandoning module PropertyEditor (37)
[2021.02.11-11.50.08:266][213]LogModuleManager: Shutting down and abandoning module AudioEditor (34)
[2021.02.11-11.50.08:285][213]LogModuleManager: Shutting down and abandoning module TextureCompressor (32)
[2021.02.11-11.50.08:286][213]LogModuleManager: Shutting down and abandoning module RenderCore (30)
[2021.02.11-11.50.08:286][213]LogModuleManager: Shutting down and abandoning module Landscape (28)
[2021.02.11-11.50.08:286][213]LogModuleManager: Shutting down and abandoning module SlateRHIRenderer (26)
[2021.02.11-11.50.08:297][213]LogModuleManager: Shutting down and abandoning module OpenGLDrv (24)
[2021.02.11-11.50.08:305][213]LogModuleManager: Shutting down and abandoning module D3D11RHI (22)
[2021.02.11-11.50.08:305][213]LogModuleManager: Shutting down and abandoning module AnimGraphRuntime (20)
[2021.02.11-11.50.08:310][213]LogModuleManager: Shutting down and abandoning module Renderer (18)
[2021.02.11-11.50.08:310][213]LogModuleManager: Shutting down and abandoning module Engine (16)
[2021.02.11-11.50.08:310][213]LogModuleManager: Shutting down and abandoning module CoreUObject (14)
[2021.02.11-11.50.08:310][213]LogModuleManager: Shutting down and abandoning module NetworkFile (12)
[2021.02.11-11.50.08:320][213]LogModuleManager: Shutting down and abandoning module CookedIterativeFile (10)
[2021.02.11-11.50.08:320][213]LogModuleManager: Shutting down and abandoning module StreamingFile (8)
[2021.02.11-11.50.08:321][213]LogModuleManager: Shutting down and abandoning module SandboxFile (6)
[2021.02.11-11.50.08:321][213]LogModuleManager: Shutting down and abandoning module PakFile (4)
[2021.02.11-11.50.08:325][213]LogModuleManager: Shutting down and abandoning module RSA (3)
[2021.02.11-11.50.08:346][213]LogExit: Exiting.
[2021.02.11-11.50.08:367][213]Log file closed, 02/11/21 12:50:08
